Log file open, 03/04/22 12:58:57
LogWindows: Failed to load 'aqProf.dll' (GetLastError=126)
LogWindows: File 'aqProf.dll' does not exist
LogWindows: Failed to load 'VtuneApi.dll' (GetLastError=126)
LogWindows: File 'VtuneApi.dll' does not exist
LogWindows: Failed to load 'VtuneApi32e.dll' (GetLastError=126)
LogWindows: File 'VtuneApi32e.dll' does not exist
LogConsoleResponse: Display: Failed to find resolution value strings in scalability ini. Falling back to default.
LogConsoleResponse: Display: Failed to find resolution value strings in scalability ini. Falling back to default.
LogInit: Display: Running engine for game: ShaderProj
LogPlatformFile: Not using cached read wrapper
LogTaskGraph: Started task graph with 5 named threads and 23 total threads with 3 sets of task threads.
LogStats: Stats thread started at 13.859094
LogICUInternationalization: ICU TimeZone Detection - Raw Offset: -8:00, Platform Override: ''
LogInit: Display: Loading text-based GConfig....
LogPluginManager: Mounting plugin MeshPainting
LogPluginManager: Mounting plugin XGEController
LogPluginManager: Mounting plugin Paper2D
LogPluginManager: Mounting plugin OodleData
LogPluginManager: Mounting plugin OodleNetwork
LogPluginManager: Mounting plugin AnimationSharing
LogPluginManager: Mounting plugin CodeLiteSourceCodeAccess
LogPluginManager: Mounting plugin CLionSourceCodeAccess
LogPluginManager: Mounting plugin GitSourceControl
LogPluginManager: Mounting plugin KDevelopSourceCodeAccess
LogPluginManager: Mounting plugin NullSourceCodeAccess
LogPluginManager: Mounting plugin PerforceSourceControl
LogPluginManager: Mounting plugin PixWinPlugin
LogPluginManager: Mounting plugin PluginUtils
LogPluginManager: Mounting plugin PlasticSourceControl
LogPluginManager: Mounting plugin PropertyAccessNode
LogPluginManager: Mounting plugin RiderSourceCodeAccess
LogPluginManager: Mounting plugin SubversionSourceControl
LogPluginManager: Mounting plugin TextureFormatOodle
LogPluginManager: Mounting plugin UObjectPlugin
LogPluginManager: Mounting plugin VisualStudioSourceCodeAccess
LogPluginManager: Mounting plugin AssetManagerEditor
LogPluginManager: Mounting plugin VisualStudioCodeSourceCodeAccess
LogPluginManager: Mounting plugin XCodeSourceCodeAccess
LogPluginManager: Mounting plugin CurveEditorTools
LogPluginManager: Mounting plugin CryptoKeys
LogPluginManager: Mounting plugin DataValidation
LogPluginManager: Mounting plugin FacialAnimation
LogPluginManager: Mounting plugin GeometryMode
LogPluginManager: Mounting plugin GameplayTagsEditor
LogPluginManager: Mounting plugin MaterialAnalyzer
LogPluginManager: Mounting plugin MacGraphicsSwitching
LogPluginManager: Mounting plugin PluginBrowser
LogPluginManager: Mounting plugin MobileLauncherProfileWizard
LogPluginManager: Mounting plugin SpeedTreeImporter
LogPluginManager: Mounting plugin DatasmithContent
LogPluginManager: Mounting plugin AlembicImporter
LogPluginManager: Mounting plugin VariantManagerContent
LogPluginManager: Mounting plugin BackChannel
LogPluginManager: Mounting plugin AutomationUtils
LogPluginManager: Mounting plugin ChaosClothEditor
LogPluginManager: Mounting plugin ChaosCloth
LogPluginManager: Mounting plugin ChaosNiagara
LogPluginManager: Mounting plugin ChaosEditor
LogPluginManager: Mounting plugin ChaosSolverPlugin
LogPluginManager: Mounting plugin CharacterAI
LogPluginManager: Mounting plugin GeometryCache
LogPluginManager: Mounting plugin GeometryCollectionPlugin
LogPluginManager: Mounting plugin GeometryProcessing
LogPluginManager: Mounting plugin MotoSynth
LogPluginManager: Mounting plugin OpenImageDenoise
LogPluginManager: Mounting plugin PlatformCrypto
LogPluginManager: Mounting plugin ProxyLODPlugin
LogPluginManager: Mounting plugin PlanarCut
LogPluginManager: Mounting plugin PythonScriptPlugin
LogPluginManager: Mounting plugin SkeletalReduction
LogPluginManager: Mounting plugin Niagara
LogPluginManager: Mounting plugin MagicLeap
LogPluginManager: Mounting plugin LuminPlatformFeatures
LogPluginManager: Mounting plugin MagicLeapLightEstimation
LogPluginManager: Mounting plugin MagicLeapMedia
LogPluginManager: Mounting plugin MagicLeapPassableWorld
LogPluginManager: Mounting plugin MLSDK
LogPluginManager: Mounting plugin AvfMedia
LogPluginManager: Mounting plugin AndroidMedia
LogPluginManager: Mounting plugin MediaCompositing
LogPluginManager: Mounting plugin ImgMedia
LogPluginManager: Mounting plugin MediaPlayerEditor
LogPluginManager: Mounting plugin WebMMedia
LogPluginManager: Mounting plugin WmfMedia
LogPluginManager: Mounting plugin UdpMessaging
LogPluginManager: Mounting plugin TcpMessaging
LogPluginManager: Mounting plugin ActorSequence
LogPluginManager: Mounting plugin LevelSequenceEditor
LogPluginManager: Mounting plugin MatineeToLevelSequence
LogPluginManager: Mounting plugin TemplateSequence
LogPluginManager: Mounting plugin OnlineSubsystem
LogPluginManager: Mounting plugin OnlineSubsystemNull
LogPluginManager: Mounting plugin OnlineSubsystemUtils
LogPluginManager: Mounting plugin LauncherChunkInstaller
LogPluginManager: Mounting plugin ActorLayerUtilities
LogPluginManager: Mounting plugin AndroidDeviceProfileSelector
LogPluginManager: Mounting plugin AndroidMoviePlayer
LogPluginManager: Mounting plugin AndroidPermission
LogPluginManager: Mounting plugin AppleImageUtils
LogPluginManager: Mounting plugin AppleMoviePlayer
LogPluginManager: Mounting plugin ArchVisCharacter
LogPluginManager: Mounting plugin AssetTags
LogPluginManager: Mounting plugin AudioCapture
LogPluginManager: Mounting plugin AudioSynesthesia
LogPluginManager: Mounting plugin CableComponent
LogPluginManager: Mounting plugin ChunkDownloader
LogPluginManager: Mounting plugin EditableMesh
LogPluginManager: Mounting plugin CustomMeshComponent
LogPluginManager: Mounting plugin ExampleDeviceProfileSelector
LogPluginManager: Mounting plugin GooglePAD
LogPluginManager: Mounting plugin GoogleCloudMessaging
LogPluginManager: Mounting plugin IOSDeviceProfileSelector
LogPluginManager: Mounting plugin LinuxDeviceProfileSelector
LogPluginManager: Mounting plugin LocationServicesBPLibrary
LogPluginManager: Mounting plugin MobilePatchingUtils
LogPluginManager: Mounting plugin OpenXR
LogPluginManager: Mounting plugin OpenXREyeTracker
LogPluginManager: Mounting plugin OpenXRHandTracking
LogPluginManager: Mounting plugin PhysXVehicles
LogPluginManager: Mounting plugin PropertyAccessEditor
LogPluginManager: Mounting plugin PostSplashScreen
LogPluginManager: Mounting plugin ProceduralMeshComponent
LogPluginManager: Mounting plugin RuntimePhysXCooking
LogPluginManager: Mounting plugin SignificanceManager
LogPluginManager: Mounting plugin SoundFields
LogPluginManager: Mounting plugin Synthesis
LogPluginManager: Mounting plugin WebMMoviePlayer
LogPluginManager: Mounting plugin WindowsMoviePlayer
LogPluginManager: Mounting plugin ScreenshotTools
LogPluginManager: Mounting plugin Takes
LogPluginManager: Mounting plugin AISupport
LogPluginManager: Mounting plugin EnvironmentQueryEditor
LogPluginManager: Mounting plugin LightPropagationVolume
LogPluginManager: Mounting plugin LiveLink
LogPluginManager: Mounting plugin CameraShakePreviewer
LogPluginManager: Mounting plugin GameplayCameras
LogPluginManager: Mounting plugin ContentBrowserAssetDataSource
LogPluginManager: Mounting plugin ContentBrowserClassDataSource
LogPluginManager: Mounting plugin ContentBrowserFileDataSource
LogPluginManager: Mounting plugin OnlineSubsystemGooglePlay
LogPluginManager: Mounting plugin OnlineSubsystemIOS
LogPluginManager: Mounting plugin OculusVR
LogPluginManager: Mounting plugin SteamVR
PixWinPlugin: PIX capture plugin failed to initialize! Check that the process is launched from PIX.
LogInit: Using libcurl 7.55.1-DEV
LogInit:  - built for x86_64-pc-win32
LogInit:  - supports SSL with OpenSSL/1.1.1
LogInit:  - supports HTTP deflate (compression) using libz 1.2.8
LogInit:  - other features:
LogInit:      CURL_VERSION_SSL
LogInit:      CURL_VERSION_LIBZ
LogInit:      CURL_VERSION_IPV6
LogInit:      CURL_VERSION_ASYNCHDNS
LogInit:      CURL_VERSION_LARGEFILE
LogInit:      CURL_VERSION_IDN
LogInit:  CurlRequestOptions (configurable via config and command line):
LogInit:  - bVerifyPeer = true  - Libcurl will verify peer certificate
LogInit:  - bUseHttpProxy = false  - Libcurl will NOT use HTTP proxy
LogInit:  - bDontReuseConnections = false  - Libcurl will reuse connections
LogInit:  - MaxHostConnections = 16  - Libcurl will limit the number of connections to a host
LogInit:  - LocalHostAddr = Default
LogInit:  - BufferSize = 65536
LogOnline: OSS: Creating online subsystem instance for: NULL
LogInit: WinSock: version 1.1 (2.2), MaxSocks=32767, MaxUdp=65467
LogOnline: OSS: TryLoadSubsystemAndSetDefault: Loaded subsystem for module [NULL]
LogOculusPluginWrapper: OculusPlugin initialized successfully
LogHMD: Failed initializing OVRPlugin 1.59.0
LogInit: Build: ++UE4+Release-4.27-CL-18319896
LogInit: Engine Version: 4.27.2-18319896+++UE4+Release-4.27
LogInit: Compatible Engine Version: 4.27.0-17155196+++UE4+Release-4.27
LogInit: Net CL: 17155196
LogInit: OS: Windows 10 (Release 2009) (), CPU: Intel(R) Core(TM) i7-4790K CPU @ 4.00GHz, GPU: Intel(R) HD Graphics 4600
LogInit: Compiled (64-bit): Nov 30 2021 07:12:08
LogInit: Compiled with Visual C++: 19.24.28315.00
LogInit: Build Configuration: Development
LogInit: Branch Name: ++UE4+Release-4.27
LogInit: Command Line: 
LogInit: Base Directory: D:/Epic Games/UE_4.27/Engine/Binaries/Win64/
LogInit: Allocator: TBB
LogInit: Installed Engine Build: 1
LogDevObjectVersion: Number of dev versions registered: 29
LogDevObjectVersion:   Dev-Blueprints (B0D832E4-1F89-4F0D-ACCF-7EB736FD4AA2): 10
LogDevObjectVersion:   Dev-Build (E1C64328-A22C-4D53-A36C-8E866417BD8C): 0
LogDevObjectVersion:   Dev-Core (375EC13C-06E4-48FB-B500-84F0262A717E): 4
LogDevObjectVersion:   Dev-Editor (E4B068ED-F494-42E9-A231-DA0B2E46BB41): 40
LogDevObjectVersion:   Dev-Framework (CFFC743F-43B0-4480-9391-14DF171D2073): 37
LogDevObjectVersion:   Dev-Mobile (B02B49B5-BB20-44E9-A304-32B752E40360): 3
LogDevObjectVersion:   Dev-Networking (A4E4105C-59A1-49B5-A7C5-40C4547EDFEE): 0
LogDevObjectVersion:   Dev-Online (39C831C9-5AE6-47DC-9A44-9C173E1C8E7C): 0
LogDevObjectVersion:   Dev-Physics (78F01B33-EBEA-4F98-B9B4-84EACCB95AA2): 14
LogDevObjectVersion:   Dev-Platform (6631380F-2D4D-43E0-8009-CF276956A95A): 0
LogDevObjectVersion:   Dev-Rendering (12F88B9F-8875-4AFC-A67C-D90C383ABD29): 45
LogDevObjectVersion:   Dev-Sequencer (7B5AE74C-D270-4C10-A958-57980B212A5A): 13
LogDevObjectVersion:   Dev-VR (D7296918-1DD6-4BDD-9DE2-64A83CC13884): 3
LogDevObjectVersion:   Dev-LoadTimes (C2A15278-BFE7-4AFE-6C17-90FF531DF755): 1
LogDevObjectVersion:   Private-Geometry (6EACA3D4-40EC-4CC1-B786-8BED09428FC5): 3
LogDevObjectVersion:   Dev-AnimPhys (29E575DD-E0A3-4627-9D10-D276232CDCEA): 17
LogDevObjectVersion:   Dev-Anim (AF43A65D-7FD3-4947-9873-3E8ED9C1BB05): 15
LogDevObjectVersion:   Dev-ReflectionCapture (6B266CEC-1EC7-4B8F-A30B-E4D90942FC07): 1
LogDevObjectVersion:   Dev-Automation (0DF73D61-A23F-47EA-B727-89E90C41499A): 1
LogDevObjectVersion:   FortniteMain (601D1886-AC64-4F84-AA16-D3DE0DEAC7D6): 47
LogDevObjectVersion:   FortniteRelease (E7086368-6B23-4C58-8439-1B7016265E91): 1
LogDevObjectVersion:   Dev-Enterprise (9DFFBCD6-494F-0158-E221-12823C92A888): 10
LogDevObjectVersion:   Dev-Niagara (F2AED0AC-9AFE-416F-8664-AA7FFA26D6FC): 1
LogDevObjectVersion:   Dev-Destruction (174F1F0B-B4C6-45A5-B13F-2EE8D0FB917D): 10
LogDevObjectVersion:   Dev-Physics-Ext (35F94A83-E258-406C-A318-09F59610247C): 41
LogDevObjectVersion:   Dev-PhysicsMaterial-Chaos (B68FC16E-8B1B-42E2-B453-215C058844FE): 1
LogDevObjectVersion:   Dev-CineCamera (B2E18506-4273-CFC2-A54E-F4BB758BBA07): 1
LogDevObjectVersion:   Dev-VirtualProduction (64F58936-FD1B-42BA-BA96-7289D5D0FA4E): 1
LogDevObjectVersion:   Dev-MediaFramework (6F0ED827-A609-4895-9C91-998D90180EA4): 2
LogInit: Presizing for max 25165824 objects, including 0 objects not considered by GC, pre-allocating 0 bytes for permanent pool.
LogConfig: Applying CVar settings from Section [/Script/Engine.StreamingSettings] File [D:/Users/Jen Huffa/Documents/GitHub/ShaderProj/Saved/Config/Windows/Engine.ini]
LogConfig: Setting CVar [[s.MinBulkDataSizeForAsyncLoading:131072]]
LogConfig: Setting CVar [[s.AsyncLoadingThreadEnabled:0]]
LogConfig: Setting CVar [[s.EventDrivenLoaderEnabled:1]]
LogConfig: Setting CVar [[s.WarnIfTimeLimitExceeded:0]]
LogConfig: Setting CVar [[s.TimeLimitExceededMultiplier:1.5]]
LogConfig: Setting CVar [[s.TimeLimitExceededMinTime:0.005]]
LogConfig: Setting CVar [[s.UseBackgroundLevelStreaming:1]]
LogConfig: Setting CVar [[s.PriorityAsyncLoadingExtraTime:15.0]]
LogConfig: Setting CVar [[s.LevelStreamingActorsUpdateTimeLimit:5.0]]
LogConfig: Setting CVar [[s.PriorityLevelStreamingActorsUpdateExtraTime:5.0]]
LogConfig: Setting CVar [[s.LevelStreamingComponentsRegistrationGranularity:10]]
LogConfig: Setting CVar [[s.UnregisterComponentsTimeLimit:1.0]]
LogConfig: Setting CVar [[s.LevelStreamingComponentsUnregistrationGranularity:5]]
LogConfig: Setting CVar [[s.FlushStreamingOnExit:1]]
LogInit: Object subsystem initialized
LogConfig: Setting CVar [[con.DebugEarlyDefault:1]]
LogConfig: Setting CVar [[r.setres:1280x720]]
[2022.03.04-20.59.13:113][  0]LogConfig: Setting CVar [[r.VSync:0]]
[2022.03.04-20.59.13:113][  0]LogConfig: Setting CVar [[r.RHICmdBypass:0]]
[2022.03.04-20.59.13:114][  0]LogConfig: Applying CVar settings from Section [/Script/Engine.RendererSettings] File [D:/Users/Jen Huffa/Documents/GitHub/ShaderProj/Saved/Config/Windows/Engine.ini]
[2022.03.04-20.59.13:114][  0]LogConfig: Setting CVar [[r.GPUCrashDebugging:0]]
[2022.03.04-20.59.13:114][  0]LogConfig: Applying CVar settings from Section [/Script/Engine.RendererOverrideSettings] File [D:/Users/Jen Huffa/Documents/GitHub/ShaderProj/Saved/Config/Windows/Engine.ini]
[2022.03.04-20.59.13:114][  0]LogConfig: Applying CVar settings from Section [/Script/Engine.StreamingSettings] File [D:/Users/Jen Huffa/Documents/GitHub/ShaderProj/Saved/Config/Windows/Engine.ini]
[2022.03.04-20.59.13:114][  0]LogConfig: Setting CVar [[s.MinBulkDataSizeForAsyncLoading:131072]]
[2022.03.04-20.59.13:115][  0]LogConfig: Setting CVar [[s.AsyncLoadingThreadEnabled:0]]
[2022.03.04-20.59.13:115][  0]LogConfig: Setting CVar [[s.EventDrivenLoaderEnabled:1]]
[2022.03.04-20.59.13:115][  0]LogConfig: Setting CVar [[s.WarnIfTimeLimitExceeded:0]]
[2022.03.04-20.59.13:115][  0]LogConfig: Setting CVar [[s.TimeLimitExceededMultiplier:1.5]]
[2022.03.04-20.59.13:115][  0]LogConfig: Setting CVar [[s.TimeLimitExceededMinTime:0.005]]
[2022.03.04-20.59.13:115][  0]LogConfig: Setting CVar [[s.UseBackgroundLevelStreaming:1]]
[2022.03.04-20.59.13:115][  0]LogConfig: Setting CVar [[s.PriorityAsyncLoadingExtraTime:15.0]]
[2022.03.04-20.59.13:115][  0]LogConfig: Setting CVar [[s.LevelStreamingActorsUpdateTimeLimit:5.0]]
[2022.03.04-20.59.13:115][  0]LogConfig: Setting CVar [[s.PriorityLevelStreamingActorsUpdateExtraTime:5.0]]
[2022.03.04-20.59.13:115][  0]LogConfig: Setting CVar [[s.LevelStreamingComponentsRegistrationGranularity:10]]
[2022.03.04-20.59.13:115][  0]LogConfig: Setting CVar [[s.UnregisterComponentsTimeLimit:1.0]]
[2022.03.04-20.59.13:115][  0]LogConfig: Setting CVar [[s.LevelStreamingComponentsUnregistrationGranularity:5]]
[2022.03.04-20.59.13:115][  0]LogConfig: Setting CVar [[s.FlushStreamingOnExit:1]]
[2022.03.04-20.59.13:115][  0]LogConfig: Applying CVar settings from Section [/Script/Engine.GarbageCollectionSettings] File [D:/Users/Jen Huffa/Documents/GitHub/ShaderProj/Saved/Config/Windows/Engine.ini]
[2022.03.04-20.59.13:115][  0]LogConfig: Setting CVar [[gc.MaxObjectsNotConsideredByGC:1]]
[2022.03.04-20.59.13:115][  0]LogConfig: Setting CVar [[gc.SizeOfPermanentObjectPool:0]]
[2022.03.04-20.59.13:115][  0]LogConfig: Setting CVar [[gc.FlushStreamingOnGC:0]]
[2022.03.04-20.59.13:115][  0]LogConfig: Setting CVar [[gc.NumRetriesBeforeForcingGC:10]]
[2022.03.04-20.59.13:115][  0]LogConfig: Setting CVar [[gc.AllowParallelGC:1]]
[2022.03.04-20.59.13:115][  0]LogConfig: Setting CVar [[gc.TimeBetweenPurgingPendingKillObjects:61.1]]
[2022.03.04-20.59.13:115][  0]LogConfig: Setting CVar [[gc.MaxObjectsInEditor:25165824]]
[2022.03.04-20.59.13:115][  0]LogConfig: Setting CVar [[gc.IncrementalBeginDestroyEnabled:1]]
[2022.03.04-20.59.13:115][  0]LogConfig: Setting CVar [[gc.CreateGCClusters:1]]
[2022.03.04-20.59.13:115][  0]LogConfig: Setting CVar [[gc.MinGCClusterSize:5]]
[2022.03.04-20.59.13:115][  0]LogConfig: Setting CVar [[gc.ActorClusteringEnabled:0]]
[2022.03.04-20.59.13:115][  0]LogConfig: Setting CVar [[gc.BlueprintClusteringEnabled:0]]
[2022.03.04-20.59.13:115][  0]LogConfig: Setting CVar [[gc.UseDisregardForGCOnDedicatedServers:0]]
[2022.03.04-20.59.13:115][  0]LogConfig: Setting CVar [[gc.MultithreadedDestructionEnabled:1]]
[2022.03.04-20.59.13:115][  0]LogConfig: Applying CVar settings from Section [/Script/Engine.NetworkSettings] File [D:/Users/Jen Huffa/Documents/GitHub/ShaderProj/Saved/Config/Windows/Engine.ini]
[2022.03.04-20.59.13:115][  0]LogConfig: Applying CVar settings from Section [/Script/UnrealEd.CookerSettings] File [D:/Users/Jen Huffa/Documents/GitHub/ShaderProj/Saved/Config/Windows/Engine.ini]
[2022.03.04-20.59.13:336][  0]LogConfig: Applying CVar settings from Section [ViewDistanceQuality@3] File [D:/Users/Jen Huffa/Documents/GitHub/ShaderProj/Saved/Config/Windows/Scalability.ini]
[2022.03.04-20.59.13:336][  0]LogConfig: Setting CVar [[r.SkeletalMeshLODBias:0]]
[2022.03.04-20.59.13:336][  0]LogConfig: Setting CVar [[r.ViewDistanceScale:1.0]]
[2022.03.04-20.59.13:336][  0]LogConfig: Applying CVar settings from Section [AntiAliasingQuality@3] File [D:/Users/Jen Huffa/Documents/GitHub/ShaderProj/Saved/Config/Windows/Scalability.ini]
[2022.03.04-20.59.13:336][  0]LogConfig: Setting CVar [[r.PostProcessAAQuality:4]]
[2022.03.04-20.59.13:336][  0]LogConfig: Applying CVar settings from Section [ShadowQuality@3] File [D:/Users/Jen Huffa/Documents/GitHub/ShaderProj/Saved/Config/Windows/Scalability.ini]
[2022.03.04-20.59.13:336][  0]LogConfig: Setting CVar [[r.LightFunctionQuality:1]]
[2022.03.04-20.59.13:336][  0]LogConfig: Setting CVar [[r.ShadowQuality:5]]
[2022.03.04-20.59.13:336][  0]LogConfig: Setting CVar [[r.Shadow.CSM.MaxCascades:10]]
[2022.03.04-20.59.13:336][  0]LogConfig: Setting CVar [[r.Shadow.MaxResolution:2048]]
[2022.03.04-20.59.13:336][  0]LogConfig: Setting CVar [[r.Shadow.MaxCSMResolution:2048]]
[2022.03.04-20.59.13:336][  0]LogConfig: Setting CVar [[r.Shadow.RadiusThreshold:0.01]]
[2022.03.04-20.59.13:336][  0]LogConfig: Setting CVar [[r.Shadow.DistanceScale:1.0]]
[2022.03.04-20.59.13:336][  0]LogConfig: Setting CVar [[r.Shadow.CSM.TransitionScale:1.0]]
[2022.03.04-20.59.13:336][  0]LogConfig: Setting CVar [[r.Shadow.PreShadowResolutionFactor:1.0]]
[2022.03.04-20.59.13:336][  0]LogConfig: Setting CVar [[r.DistanceFieldShadowing:1]]
[2022.03.04-20.59.13:336][  0]LogConfig: Setting CVar [[r.DistanceFieldAO:1]]
[2022.03.04-20.59.13:336][  0]LogConfig: Setting CVar [[r.AOQuality:2]]
[2022.03.04-20.59.13:336][  0]LogConfig: Setting CVar [[r.VolumetricFog:1]]
[2022.03.04-20.59.13:336][  0]LogConfig: Setting CVar [[r.VolumetricFog.GridPixelSize:8]]
[2022.03.04-20.59.13:336][  0]LogConfig: Setting CVar [[r.VolumetricFog.GridSizeZ:128]]
[2022.03.04-20.59.13:336][  0]LogConfig: Setting CVar [[r.VolumetricFog.HistoryMissSupersampleCount:4]]
[2022.03.04-20.59.13:336][  0]LogConfig: Setting CVar [[r.LightMaxDrawDistanceScale:1]]
[2022.03.04-20.59.13:336][  0]LogConfig: Setting CVar [[r.CapsuleShadows:1]]
[2022.03.04-20.59.13:336][  0]LogConfig: Applying CVar settings from Section [PostProcessQuality@3] File [D:/Users/Jen Huffa/Documents/GitHub/ShaderProj/Saved/Config/Windows/Scalability.ini]
[2022.03.04-20.59.13:336][  0]LogConfig: Setting CVar [[r.MotionBlurQuality:4]]
[2022.03.04-20.59.13:336][  0]LogConfig: Setting CVar [[r.AmbientOcclusionMipLevelFactor:0.4]]
[2022.03.04-20.59.13:337][  0]LogConfig: Setting CVar [[r.AmbientOcclusionMaxQuality:100]]
[2022.03.04-20.59.13:337][  0]LogConfig: Setting CVar [[r.AmbientOcclusionLevels:-1]]
[2022.03.04-20.59.13:337][  0]LogConfig: Setting CVar [[r.AmbientOcclusionRadiusScale:1.0]]
[2022.03.04-20.59.13:337][  0]LogConfig: Setting CVar [[r.DepthOfFieldQuality:2]]
[2022.03.04-20.59.13:337][  0]LogConfig: Setting CVar [[r.RenderTargetPoolMin:400]]
[2022.03.04-20.59.13:337][  0]LogConfig: Setting CVar [[r.LensFlareQuality:2]]
[2022.03.04-20.59.13:337][  0]LogConfig: Setting CVar [[r.SceneColorFringeQuality:1]]
[2022.03.04-20.59.13:337][  0]LogConfig: Setting CVar [[r.EyeAdaptationQuality:2]]
[2022.03.04-20.59.13:337][  0]LogConfig: Setting CVar [[r.BloomQuality:5]]
[2022.03.04-20.59.13:337][  0]LogConfig: Setting CVar [[r.FastBlurThreshold:100]]
[2022.03.04-20.59.13:337][  0]LogConfig: Setting CVar [[r.Upscale.Quality:3]]
[2022.03.04-20.59.13:337][  0]LogConfig: Setting CVar [[r.Tonemapper.GrainQuantization:1]]
[2022.03.04-20.59.13:337][  0]LogConfig: Setting CVar [[r.LightShaftQuality:1]]
[2022.03.04-20.59.13:337][  0]LogConfig: Setting CVar [[r.Filter.SizeScale:1]]
[2022.03.04-20.59.13:337][  0]LogConfig: Setting CVar [[r.Tonemapper.Quality:5]]
[2022.03.04-20.59.13:337][  0]LogConfig: Setting CVar [[r.DOF.Gather.AccumulatorQuality:1        ; higher gathering accumulator quality]]
[2022.03.04-20.59.13:337][  0]LogConfig: Setting CVar [[r.DOF.Gather.PostfilterMethod:1          ; Median3x3 postfilering method]]
[2022.03.04-20.59.13:337][  0]LogConfig: Setting CVar [[r.DOF.Gather.EnableBokehSettings:0       ; no bokeh simulation when gathering]]
[2022.03.04-20.59.13:337][  0]LogConfig: Setting CVar [[r.DOF.Gather.RingCount:4                 ; medium number of samples when gathering]]
[2022.03.04-20.59.13:337][  0]LogConfig: Setting CVar [[r.DOF.Scatter.ForegroundCompositing:1    ; additive foreground scattering]]
[2022.03.04-20.59.13:337][  0]LogConfig: Setting CVar [[r.DOF.Scatter.BackgroundCompositing:2    ; additive background scattering]]
[2022.03.04-20.59.13:337][  0]LogConfig: Setting CVar [[r.DOF.Scatter.EnableBokehSettings:1      ; bokeh simulation when scattering]]
[2022.03.04-20.59.13:337][  0]LogConfig: Setting CVar [[r.DOF.Scatter.MaxSpriteRatio:0.1         ; only a maximum of 10% of scattered bokeh]]
[2022.03.04-20.59.13:337][  0]LogConfig: Setting CVar [[r.DOF.Recombine.Quality:1                ; cheap slight out of focus]]
[2022.03.04-20.59.13:337][  0]LogConfig: Setting CVar [[r.DOF.Recombine.EnableBokehSettings:0    ; no bokeh simulation on slight out of focus]]
[2022.03.04-20.59.13:337][  0]LogConfig: Setting CVar [[r.DOF.TemporalAAQuality:1                ; more stable temporal accumulation]]
[2022.03.04-20.59.13:337][  0]LogConfig: Setting CVar [[r.DOF.Kernel.MaxForegroundRadius:0.025]]
[2022.03.04-20.59.13:337][  0]LogConfig: Setting CVar [[r.DOF.Kernel.MaxBackgroundRadius:0.025]]
[2022.03.04-20.59.13:337][  0]LogConfig: Applying CVar settings from Section [TextureQuality@3] File [D:/Users/Jen Huffa/Documents/GitHub/ShaderProj/Saved/Config/Windows/Scalability.ini]
[2022.03.04-20.59.13:337][  0]LogConfig: Setting CVar [[r.Streaming.MipBias:0]]
[2022.03.04-20.59.13:337][  0]LogConfig: Setting CVar [[r.Streaming.AmortizeCPUToGPUCopy:0]]
[2022.03.04-20.59.13:337][  0]LogConfig: Setting CVar [[r.Streaming.MaxNumTexturesToStreamPerFrame:0]]
[2022.03.04-20.59.13:337][  0]LogConfig: Setting CVar [[r.Streaming.Boost:1]]
[2022.03.04-20.59.13:337][  0]LogConfig: Setting CVar [[r.MaxAnisotropy:8]]
[2022.03.04-20.59.13:337][  0]LogConfig: Setting CVar [[r.VT.MaxAnisotropy:8]]
[2022.03.04-20.59.13:337][  0]LogConfig: Setting CVar [[r.Streaming.LimitPoolSizeToVRAM:0]]
[2022.03.04-20.59.13:337][  0]LogConfig: Setting CVar [[r.Streaming.PoolSize:1000]]
[2022.03.04-20.59.13:337][  0]LogConfig: Setting CVar [[r.Streaming.MaxEffectiveScreenSize:0]]
[2022.03.04-20.59.13:337][  0]LogConfig: Applying CVar settings from Section [EffectsQuality@3] File [D:/Users/Jen Huffa/Documents/GitHub/ShaderProj/Saved/Config/Windows/Scalability.ini]
[2022.03.04-20.59.13:337][  0]LogConfig: Setting CVar [[r.TranslucencyLightingVolumeDim:64]]
[2022.03.04-20.59.13:337][  0]LogConfig: Setting CVar [[r.RefractionQuality:2]]
[2022.03.04-20.59.13:337][  0]LogConfig: Setting CVar [[r.SSR.Quality:3]]
[2022.03.04-20.59.13:337][  0]LogConfig: Setting CVar [[r.SSR.HalfResSceneColor:0]]
[2022.03.04-20.59.13:337][  0]LogConfig: Setting CVar [[r.SceneColorFormat:4]]
[2022.03.04-20.59.13:337][  0]LogConfig: Setting CVar [[r.DetailMode:2]]
[2022.03.04-20.59.13:337][  0]LogConfig: Setting CVar [[r.TranslucencyVolumeBlur:1]]
[2022.03.04-20.59.13:337][  0]LogConfig: Setting CVar [[r.MaterialQualityLevel:1 ; High quality]]
[2022.03.04-20.59.13:337][  0]LogConfig: Setting CVar [[r.AnisotropicMaterials:1]]
[2022.03.04-20.59.13:337][  0]LogConfig: Setting CVar [[r.SSS.Scale:1]]
[2022.03.04-20.59.13:337][  0]LogConfig: Setting CVar [[r.SSS.SampleSet:2]]
[2022.03.04-20.59.13:337][  0]LogConfig: Setting CVar [[r.SSS.Quality:1]]
[2022.03.04-20.59.13:337][  0]LogConfig: Setting CVar [[r.SSS.HalfRes:0]]
[2022.03.04-20.59.13:337][  0]LogConfig: Setting CVar [[r.SSGI.Quality:3]]
[2022.03.04-20.59.13:337][  0]LogConfig: Setting CVar [[r.EmitterSpawnRateScale:1.0]]
[2022.03.04-20.59.13:337][  0]LogConfig: Setting CVar [[r.ParticleLightQuality:2]]
[2022.03.04-20.59.13:337][  0]LogConfig: Setting CVar [[r.SkyAtmosphere.AerialPerspectiveLUT.FastApplyOnOpaque:1 ; Always have FastSkyLUT 1 in this case to avoid wrong sky]]
[2022.03.04-20.59.13:337][  0]LogConfig: Setting CVar [[r.SkyAtmosphere.AerialPerspectiveLUT.SampleCountMaxPerSlice:4]]
[2022.03.04-20.59.13:337][  0]LogConfig: Setting CVar [[r.SkyAtmosphere.AerialPerspectiveLUT.DepthResolution:16.0]]
[2022.03.04-20.59.13:337][  0]LogConfig: Setting CVar [[r.SkyAtmosphere.FastSkyLUT:1]]
[2022.03.04-20.59.13:337][  0]LogConfig: Setting CVar [[r.SkyAtmosphere.FastSkyLUT.SampleCountMin:4.0]]
[2022.03.04-20.59.13:337][  0]LogConfig: Setting CVar [[r.SkyAtmosphere.FastSkyLUT.SampleCountMax:128.0]]
[2022.03.04-20.59.13:337][  0]LogConfig: Setting CVar [[r.SkyAtmosphere.SampleCountMin:4.0]]
[2022.03.04-20.59.13:337][  0]LogConfig: Setting CVar [[r.SkyAtmosphere.SampleCountMax:128.0]]
[2022.03.04-20.59.13:337][  0]LogConfig: Setting CVar [[r.SkyAtmosphere.TransmittanceLUT.UseSmallFormat:0]]
[2022.03.04-20.59.13:337][  0]LogConfig: Setting CVar [[r.SkyAtmosphere.TransmittanceLUT.SampleCount:10.0]]
[2022.03.04-20.59.13:337][  0]LogConfig: Setting CVar [[r.SkyAtmosphere.MultiScatteringLUT.SampleCount:15.0]]
[2022.03.04-20.59.13:337][  0]LogConfig: Setting CVar [[r.SkyLight.RealTimeReflectionCapture:1]]
[2022.03.04-20.59.13:337][  0]LogConfig: Applying CVar settings from Section [FoliageQuality@3] File [D:/Users/Jen Huffa/Documents/GitHub/ShaderProj/Saved/Config/Windows/Scalability.ini]
[2022.03.04-20.59.13:337][  0]LogConfig: Setting CVar [[foliage.DensityScale:1.0]]
[2022.03.04-20.59.13:337][  0]LogConfig: Setting CVar [[grass.DensityScale:1.0]]
[2022.03.04-20.59.13:337][  0]LogConfig: Applying CVar settings from Section [ShadingQuality@3] File [D:/Users/Jen Huffa/Documents/GitHub/ShaderProj/Saved/Config/Windows/Scalability.ini]
[2022.03.04-20.59.13:337][  0]LogConfig: Setting CVar [[r.HairStrands.SkyLighting.IntegrationType:2]]
[2022.03.04-20.59.13:337][  0]LogConfig: Setting CVar [[r.HairStrands.SkyAO.SampleCount:4]]
[2022.03.04-20.59.13:337][  0]LogConfig: Setting CVar [[r.HairStrands.Visibility.MSAA.SamplePerPixel:4]]
[2022.03.04-20.59.13:361][  0]LogInit: Selected Device Profile: [Windows]
[2022.03.04-20.59.13:375][  0]LogInit: Applying CVar settings loaded from the selected device profile: [Windows]
[2022.03.04-20.59.13:411][  0]LogHAL: Display: Platform has ~ 16 GB [17055129600 / 17179869184 / 16], which maps to Larger [LargestMinGB=32, LargerMinGB=12, DefaultMinGB=8, SmallerMinGB=6, SmallestMinGB=0)
[2022.03.04-20.59.13:411][  0]LogInit: Going up to parent DeviceProfile []
[2022.03.04-20.59.13:415][  0]LogConfig: Applying CVar settings from Section [ViewDistanceQuality@2] File [D:/Users/Jen Huffa/Documents/GitHub/ShaderProj/Saved/Config/Windows/Scalability.ini]
[2022.03.04-20.59.13:415][  0]LogConfig: Setting CVar [[r.SkeletalMeshLODBias:0]]
[2022.03.04-20.59.13:415][  0]LogConfig: Setting CVar [[r.ViewDistanceScale:0.8]]
[2022.03.04-20.59.13:415][  0]LogConfig: Applying CVar settings from Section [AntiAliasingQuality@2] File [D:/Users/Jen Huffa/Documents/GitHub/ShaderProj/Saved/Config/Windows/Scalability.ini]
[2022.03.04-20.59.13:415][  0]LogConfig: Setting CVar [[r.PostProcessAAQuality:3]]
[2022.03.04-20.59.13:416][  0]LogConfig: Applying CVar settings from Section [ShadowQuality@2] File [D:/Users/Jen Huffa/Documents/GitHub/ShaderProj/Saved/Config/Windows/Scalability.ini]
[2022.03.04-20.59.13:416][  0]LogConfig: Setting CVar [[r.LightFunctionQuality:1]]
[2022.03.04-20.59.13:416][  0]LogConfig: Setting CVar [[r.ShadowQuality:5]]
[2022.03.04-20.59.13:416][  0]LogConfig: Setting CVar [[r.Shadow.CSM.MaxCascades:4]]
[2022.03.04-20.59.13:416][  0]LogConfig: Setting CVar [[r.Shadow.MaxResolution:1024]]
[2022.03.04-20.59.13:416][  0]LogConfig: Setting CVar [[r.Shadow.MaxCSMResolution:2048]]
[2022.03.04-20.59.13:416][  0]LogConfig: Setting CVar [[r.Shadow.RadiusThreshold:0.04]]
[2022.03.04-20.59.13:416][  0]LogConfig: Setting CVar [[r.Shadow.DistanceScale:0.85]]
[2022.03.04-20.59.13:416][  0]LogConfig: Setting CVar [[r.Shadow.CSM.TransitionScale:0.8]]
[2022.03.04-20.59.13:416][  0]LogConfig: Setting CVar [[r.Shadow.PreShadowResolutionFactor:0.5]]
[2022.03.04-20.59.13:416][  0]LogConfig: Setting CVar [[r.DistanceFieldShadowing:1]]
[2022.03.04-20.59.13:416][  0]LogConfig: Setting CVar [[r.DistanceFieldAO:1]]
[2022.03.04-20.59.13:416][  0]LogConfig: Setting CVar [[r.AOQuality:1]]
[2022.03.04-20.59.13:416][  0]LogConfig: Setting CVar [[r.VolumetricFog:1]]
[2022.03.04-20.59.13:416][  0]LogConfig: Setting CVar [[r.VolumetricFog.GridPixelSize:16]]
[2022.03.04-20.59.13:416][  0]LogConfig: Setting CVar [[r.VolumetricFog.GridSizeZ:64]]
[2022.03.04-20.59.13:416][  0]LogConfig: Setting CVar [[r.VolumetricFog.HistoryMissSupersampleCount:4]]
[2022.03.04-20.59.13:416][  0]LogConfig: Setting CVar [[r.LightMaxDrawDistanceScale:1]]
[2022.03.04-20.59.13:417][  0]LogConfig: Setting CVar [[r.CapsuleShadows:1]]
[2022.03.04-20.59.13:417][  0]LogConfig: Applying CVar settings from Section [PostProcessQuality@2] File [D:/Users/Jen Huffa/Documents/GitHub/ShaderProj/Saved/Config/Windows/Scalability.ini]
[2022.03.04-20.59.13:417][  0]LogConfig: Setting CVar [[r.MotionBlurQuality:3]]
[2022.03.04-20.59.13:417][  0]LogConfig: Setting CVar [[r.AmbientOcclusionMipLevelFactor:0.6]]
[2022.03.04-20.59.13:417][  0]LogConfig: Setting CVar [[r.AmbientOcclusionMaxQuality:100]]
[2022.03.04-20.59.13:417][  0]LogConfig: Setting CVar [[r.AmbientOcclusionLevels:-1]]
[2022.03.04-20.59.13:417][  0]LogConfig: Setting CVar [[r.AmbientOcclusionRadiusScale:1.5]]
[2022.03.04-20.59.13:417][  0]LogConfig: Setting CVar [[r.DepthOfFieldQuality:2]]
[2022.03.04-20.59.13:417][  0]LogConfig: Setting CVar [[r.RenderTargetPoolMin:400]]
[2022.03.04-20.59.13:417][  0]LogConfig: Setting CVar [[r.LensFlareQuality:2]]
[2022.03.04-20.59.13:417][  0]LogConfig: Setting CVar [[r.SceneColorFringeQuality:1]]
[2022.03.04-20.59.13:417][  0]LogConfig: Setting CVar [[r.EyeAdaptationQuality:2]]
[2022.03.04-20.59.13:417][  0]LogConfig: Setting CVar [[r.BloomQuality:5]]
[2022.03.04-20.59.13:417][  0]LogConfig: Setting CVar [[r.FastBlurThreshold:3]]
[2022.03.04-20.59.13:417][  0]LogConfig: Setting CVar [[r.Upscale.Quality:2]]
[2022.03.04-20.59.13:417][  0]LogConfig: Setting CVar [[r.Tonemapper.GrainQuantization:1]]
[2022.03.04-20.59.13:417][  0]LogConfig: Setting CVar [[r.LightShaftQuality:1]]
[2022.03.04-20.59.13:417][  0]LogConfig: Setting CVar [[r.Filter.SizeScale:0.8]]
[2022.03.04-20.59.13:417][  0]LogConfig: Setting CVar [[r.Tonemapper.Quality:5]]
[2022.03.04-20.59.13:417][  0]LogConfig: Setting CVar [[r.DOF.Gather.AccumulatorQuality:0        ; lower gathering accumulator quality]]
[2022.03.04-20.59.13:418][  0]LogConfig: Setting CVar [[r.DOF.Gather.PostfilterMethod:2          ; Max3x3 postfilering method]]
[2022.03.04-20.59.13:418][  0]LogConfig: Setting CVar [[r.DOF.Gather.EnableBokehSettings:0       ; no bokeh simulation when gathering]]
[2022.03.04-20.59.13:418][  0]LogConfig: Setting CVar [[r.DOF.Gather.RingCount:4                 ; medium number of samples when gathering]]
[2022.03.04-20.59.13:418][  0]LogConfig: Setting CVar [[r.DOF.Scatter.ForegroundCompositing:1    ; additive foreground scattering]]
[2022.03.04-20.59.13:418][  0]LogConfig: Setting CVar [[r.DOF.Scatter.BackgroundCompositing:1    ; no background occlusion]]
[2022.03.04-20.59.13:418][  0]LogConfig: Setting CVar [[r.DOF.Scatter.EnableBokehSettings:0      ; no bokeh simulation when scattering]]
[2022.03.04-20.59.13:418][  0]LogConfig: Setting CVar [[r.DOF.Scatter.MaxSpriteRatio:0.04        ; only a maximum of 4% of scattered bokeh]]
[2022.03.04-20.59.13:418][  0]LogConfig: Setting CVar [[r.DOF.Recombine.Quality:0                ; no slight out of focus]]
[2022.03.04-20.59.13:418][  0]LogConfig: Setting CVar [[r.DOF.TemporalAAQuality:0                ; faster temporal accumulation]]
[2022.03.04-20.59.13:418][  0]LogConfig: Setting CVar [[r.DOF.Kernel.MaxForegroundRadius:0.012   ; required because of AccumulatorQuality=0]]
[2022.03.04-20.59.13:418][  0]LogConfig: Setting CVar [[r.DOF.Kernel.MaxBackgroundRadius:0.012   ; required because of AccumulatorQuality=0]]
[2022.03.04-20.59.13:418][  0]LogConfig: Applying CVar settings from Section [TextureQuality@2] File [D:/Users/Jen Huffa/Documents/GitHub/ShaderProj/Saved/Config/Windows/Scalability.ini]
[2022.03.04-20.59.13:418][  0]LogConfig: Setting CVar [[r.Streaming.MipBias:0]]
[2022.03.04-20.59.13:418][  0]LogConfig: Setting CVar [[r.Streaming.AmortizeCPUToGPUCopy:0]]
[2022.03.04-20.59.13:418][  0]LogConfig: Setting CVar [[r.Streaming.MaxNumTexturesToStreamPerFrame:0]]
[2022.03.04-20.59.13:418][  0]LogConfig: Setting CVar [[r.Streaming.Boost:1]]
[2022.03.04-20.59.13:418][  0]LogConfig: Setting CVar [[r.MaxAnisotropy:4]]
[2022.03.04-20.59.13:418][  0]LogConfig: Setting CVar [[r.VT.MaxAnisotropy:8]]
[2022.03.04-20.59.13:419][  0]LogConfig: Setting CVar [[r.Streaming.LimitPoolSizeToVRAM:1]]
[2022.03.04-20.59.13:419][  0]LogConfig: Setting CVar [[r.Streaming.PoolSize:800]]
[2022.03.04-20.59.13:419][  0]LogConfig: Setting CVar [[r.Streaming.MaxEffectiveScreenSize:0]]
[2022.03.04-20.59.13:419][  0]LogConfig: Applying CVar settings from Section [EffectsQuality@2] File [D:/Users/Jen Huffa/Documents/GitHub/ShaderProj/Saved/Config/Windows/Scalability.ini]
[2022.03.04-20.59.13:419][  0]LogConfig: Setting CVar [[r.TranslucencyLightingVolumeDim:48]]
[2022.03.04-20.59.13:419][  0]LogConfig: Setting CVar [[r.RefractionQuality:2]]
[2022.03.04-20.59.13:419][  0]LogConfig: Setting CVar [[r.SSR.Quality:2]]
[2022.03.04-20.59.13:419][  0]LogConfig: Setting CVar [[r.SSR.HalfResSceneColor:1]]
[2022.03.04-20.59.13:419][  0]LogConfig: Setting CVar [[r.SceneColorFormat:3]]
[2022.03.04-20.59.13:419][  0]LogConfig: Setting CVar [[r.DetailMode:1]]
[2022.03.04-20.59.13:419][  0]LogConfig: Setting CVar [[r.TranslucencyVolumeBlur:1]]
[2022.03.04-20.59.13:419][  0]LogConfig: Setting CVar [[r.MaterialQualityLevel:1 ; High quality]]
[2022.03.04-20.59.13:419][  0]LogConfig: Setting CVar [[r.AnisotropicMaterials:1]]
[2022.03.04-20.59.13:419][  0]LogConfig: Setting CVar [[r.SSS.Scale:1]]
[2022.03.04-20.59.13:419][  0]LogConfig: Setting CVar [[r.SSS.SampleSet:1]]
[2022.03.04-20.59.13:419][  0]LogConfig: Setting CVar [[r.SSS.Quality:-1]]
[2022.03.04-20.59.13:419][  0]LogConfig: Setting CVar [[r.SSS.HalfRes:1]]
[2022.03.04-20.59.13:419][  0]LogConfig: Setting CVar [[r.SSGI.Quality:2]]
[2022.03.04-20.59.13:419][  0]LogConfig: Setting CVar [[r.EmitterSpawnRateScale:0.5]]
[2022.03.04-20.59.13:420][  0]LogConfig: Setting CVar [[r.ParticleLightQuality:1]]
[2022.03.04-20.59.13:420][  0]LogConfig: Setting CVar [[r.SkyAtmosphere.AerialPerspectiveLUT.FastApplyOnOpaque:1 ; Always have FastSkyLUT 1 in this case to avoid wrong sky]]
[2022.03.04-20.59.13:420][  0]LogConfig: Setting CVar [[r.SkyAtmosphere.AerialPerspectiveLUT.SampleCountMaxPerSlice:2]]
[2022.03.04-20.59.13:420][  0]LogConfig: Setting CVar [[r.SkyAtmosphere.AerialPerspectiveLUT.DepthResolution:16.0]]
[2022.03.04-20.59.13:420][  0]LogConfig: Setting CVar [[r.SkyAtmosphere.FastSkyLUT:1]]
[2022.03.04-20.59.13:420][  0]LogConfig: Setting CVar [[r.SkyAtmosphere.FastSkyLUT.SampleCountMin:4.0]]
[2022.03.04-20.59.13:420][  0]LogConfig: Setting CVar [[r.SkyAtmosphere.FastSkyLUT.SampleCountMax:64.0]]
[2022.03.04-20.59.13:420][  0]LogConfig: Setting CVar [[r.SkyAtmosphere.SampleCountMin:4.0]]
[2022.03.04-20.59.13:420][  0]LogConfig: Setting CVar [[r.SkyAtmosphere.SampleCountMax:64.0]]
[2022.03.04-20.59.13:420][  0]LogConfig: Setting CVar [[r.SkyAtmosphere.TransmittanceLUT.UseSmallFormat:0]]
[2022.03.04-20.59.13:420][  0]LogConfig: Setting CVar [[r.SkyAtmosphere.TransmittanceLUT.SampleCount:10.0]]
[2022.03.04-20.59.13:420][  0]LogConfig: Setting CVar [[r.SkyAtmosphere.MultiScatteringLUT.SampleCount:15.0]]
[2022.03.04-20.59.13:420][  0]LogConfig: Setting CVar [[r.SkyLight.RealTimeReflectionCapture:1]]
[2022.03.04-20.59.13:420][  0]LogConfig: Applying CVar settings from Section [FoliageQuality@2] File [D:/Users/Jen Huffa/Documents/GitHub/ShaderProj/Saved/Config/Windows/Scalability.ini]
[2022.03.04-20.59.13:420][  0]LogConfig: Setting CVar [[foliage.DensityScale:0.8]]
[2022.03.04-20.59.13:420][  0]LogConfig: Setting CVar [[grass.DensityScale:0.8]]
[2022.03.04-20.59.13:420][  0]LogConfig: Applying CVar settings from Section [ShadingQuality@2] File [D:/Users/Jen Huffa/Documents/GitHub/ShaderProj/Saved/Config/Windows/Scalability.ini]
[2022.03.04-20.59.13:420][  0]LogConfig: Setting CVar [[r.HairStrands.SkyLighting.IntegrationType:2]]
[2022.03.04-20.59.13:421][  0]LogConfig: Setting CVar [[r.HairStrands.SkyAO.SampleCount:4]]
[2022.03.04-20.59.13:421][  0]LogConfig: Setting CVar [[r.HairStrands.Visibility.MSAA.SamplePerPixel:4]]
[2022.03.04-20.59.13:421][  0]LogConfig: Applying CVar settings from Section [Startup] File [../../../Engine/Config/ConsoleVariables.ini]
[2022.03.04-20.59.13:456][  0]LogConfig: Setting CVar [[net.UseAdaptiveNetUpdateFrequency:0]]
[2022.03.04-20.59.13:456][  0]LogConfig: Setting CVar [[p.chaos.AllowCreatePhysxBodies:1]]
[2022.03.04-20.59.13:456][  0]LogConfig: Setting CVar [[fx.SkipVectorVMBackendOptimizations:1]]
[2022.03.04-20.59.13:456][  0]LogConfig: Applying CVar settings from Section [ConsoleVariables] File [D:/Users/Jen Huffa/Documents/GitHub/ShaderProj/Saved/Config/Windows/Engine.ini]
[2022.03.04-20.59.13:456][  0]LogConfig: Applying CVar settings from Section [ConsoleVariables] File [D:/Users/Jen Huffa/Documents/GitHub/ShaderProj/Saved/Config/Windows/Editor.ini]
[2022.03.04-20.59.13:570][  0]LogInit: Computer: JENHUFFA
[2022.03.04-20.59.13:570][  0]LogInit: User: JenHuffa
[2022.03.04-20.59.13:570][  0]LogInit: CPU Page size=4096, Cores=4
[2022.03.04-20.59.13:570][  0]LogInit: High frequency timer resolution =10.000000 MHz
[2022.03.04-20.59.13:570][  0]LogMemory: Memory total: Physical=15.9GB (16GB approx)
[2022.03.04-20.59.13:571][  0]LogMemory: Platform Memory Stats for Windows
[2022.03.04-20.59.13:571][  0]LogMemory: Process Physical Memory: 143.50 MB used, 143.50 MB peak
[2022.03.04-20.59.13:571][  0]LogMemory: Process Virtual Memory: 124.39 MB used, 124.39 MB peak
[2022.03.04-20.59.13:571][  0]LogMemory: Physical Memory: 5810.66 MB used,  10454.38 MB free, 16265.04 MB total
[2022.03.04-20.59.13:571][  0]LogMemory: Virtual Memory: 134206352.00 MB used,  11375.89 MB free, 134217728.00 MB total
[2022.03.04-20.59.13:615][  0]LogWindows: WindowsPlatformFeatures enabled
[2022.03.04-20.59.16:431][  0]LogInit: Physics initialised using underlying interface: PhysX
[2022.03.04-20.59.16:586][  0]LogInit: Using OS detected language (en-US).
[2022.03.04-20.59.16:587][  0]LogInit: Using OS detected locale (en-US).
[2022.03.04-20.59.17:072][  0]LogTextLocalizationManager: No specific localization for 'en-US' exists, so the 'en' localization will be used.
[2022.03.04-20.59.20:365][  0]LogInit: Setting process to per monitor DPI aware
[2022.03.04-20.59.20:684][  0]LogWindowsTextInputMethodSystem: Display: IME system deactivated.
[2022.03.04-20.59.21:371][  0]LogSlate: New Slate User Created.  User Index 0, Is Virtual User: 0
[2022.03.04-20.59.21:371][  0]LogSlate: Slate User Registered.  User Index 0, Is Virtual User: 0
[2022.03.04-20.59.24:396][  0]LogD3D11RHI: Loaded GFSDK_Aftermath_Lib.x64.dll
[2022.03.04-20.59.24:500][  0]LogHMD: Failed to initialize OpenVR with code 110
[2022.03.04-20.59.24:500][  0]LogD3D11RHI: D3D11 min allowed feature level: 11_0
[2022.03.04-20.59.24:500][  0]LogD3D11RHI: D3D11 max allowed feature level: 11_0
[2022.03.04-20.59.24:500][  0]LogD3D11RHI: D3D11 adapters:
[2022.03.04-20.59.24:921][  0]LogD3D11RHI:    0. 'NVIDIA GeForce RTX 2070 SUPER' (Feature Level 11_0)
[2022.03.04-20.59.24:921][  0]LogD3D11RHI:       8011/0/8132 MB DedicatedVideo/DedicatedSystem/SharedSystem, Outputs:1, VendorId:0x10de
[2022.03.04-20.59.24:928][  0]LogD3D11RHI:    1. 'Intel(R) HD Graphics 4600' (Feature Level 11_0)
[2022.03.04-20.59.24:928][  0]LogD3D11RHI:       112/0/2048 MB DedicatedVideo/DedicatedSystem/SharedSystem, Outputs:0, VendorId:0x8086
[2022.03.04-20.59.24:936][  0]LogD3D11RHI:    2. 'Microsoft Basic Render Driver' (Feature Level 11_0)
[2022.03.04-20.59.24:936][  0]LogD3D11RHI:       0/0/8132 MB DedicatedVideo/DedicatedSystem/SharedSystem, Outputs:0, VendorId:0x1414
[2022.03.04-20.59.24:936][  0]LogD3D11RHI: Chosen D3D11 Adapter:
[2022.03.04-20.59.24:936][  0]LogD3D11RHI:     Description : NVIDIA GeForce RTX 2070 SUPER
[2022.03.04-20.59.24:936][  0]LogD3D11RHI:     VendorId    : 10de
[2022.03.04-20.59.24:936][  0]LogD3D11RHI:     DeviceId    : 1e84
[2022.03.04-20.59.24:936][  0]LogD3D11RHI:     SubSysId    : 31753842
[2022.03.04-20.59.24:936][  0]LogD3D11RHI:     Revision    : 00a1
[2022.03.04-20.59.24:936][  0]LogD3D11RHI:     DedicatedVideoMemory : 8400142336 bytes
[2022.03.04-20.59.24:936][  0]LogD3D11RHI:     DedicatedSystemMemory : 0 bytes
[2022.03.04-20.59.24:936][  0]LogD3D11RHI:     SharedSystemMemory : 8527564800 bytes
[2022.03.04-20.59.24:936][  0]LogD3D11RHI:     AdapterLuid : 0 52239
[2022.03.04-20.59.24:966][  0]LogD3D11RHI: Creating new Direct3DDevice
[2022.03.04-20.59.24:966][  0]LogD3D11RHI:     GPU DeviceId: 0x1e84 (for the marketing name, search the web for "GPU Device Id")
[2022.03.04-20.59.24:966][  0]LogWindows: EnumDisplayDevices:
[2022.03.04-20.59.24:966][  0]LogWindows:    0. 'NVIDIA GeForce RTX 2070 SUPER' (P:0 D:0)
[2022.03.04-20.59.24:966][  0]LogWindows:    1. 'NVIDIA GeForce RTX 2070 SUPER' (P:0 D:0)
[2022.03.04-20.59.24:967][  0]LogWindows:    2. 'NVIDIA GeForce RTX 2070 SUPER' (P:0 D:0)
[2022.03.04-20.59.24:967][  0]LogWindows:    3. 'NVIDIA GeForce RTX 2070 SUPER' (P:0 D:0)
[2022.03.04-20.59.24:967][  0]LogWindows:    4. 'Intel(R) HD Graphics 4600' (P:1 D:1)
[2022.03.04-20.59.24:968][  0]LogWindows:    5. 'Intel(R) HD Graphics 4600' (P:0 D:0)
[2022.03.04-20.59.24:968][  0]LogWindows:    6. 'Intel(R) HD Graphics 4600' (P:0 D:0)
[2022.03.04-20.59.24:968][  0]LogWindows: DebugString: PrimaryIsNotTheChoosenAdapter PrimaryIsNotTheChoosenAdapter PrimaryIsNotTheChoosenAdapter FoundDriverCount:4 
[2022.03.04-20.59.24:968][  0]LogD3D11RHI:     Adapter Name: NVIDIA GeForce RTX 2070 SUPER
[2022.03.04-20.59.24:969][  0]LogD3D11RHI:   Driver Version: 497.29 (internal:30.0.14.9729, unified:497.29)
[2022.03.04-20.59.24:969][  0]LogD3D11RHI:      Driver Date: 12-15-2021
[2022.03.04-20.59.24:969][  0]LogRHI: Texture pool is 5607 MB (70% of 8011 MB)
[2022.03.04-20.59.24:969][  0]LogD3D11RHI: Creating D3DDevice using adapter:
[2022.03.04-20.59.24:969][  0]LogD3D11RHI:     Description : NVIDIA GeForce RTX 2070 SUPER
[2022.03.04-20.59.24:969][  0]LogD3D11RHI:     VendorId    : 10de
[2022.03.04-20.59.24:969][  0]LogD3D11RHI:     DeviceId    : 1e84
[2022.03.04-20.59.24:969][  0]LogD3D11RHI:     SubSysId    : 31753842
[2022.03.04-20.59.24:969][  0]LogD3D11RHI:     Revision    : 00a1
[2022.03.04-20.59.24:969][  0]LogD3D11RHI:     DedicatedVideoMemory : 8400142336 bytes
[2022.03.04-20.59.24:969][  0]LogD3D11RHI:     DedicatedSystemMemory : 0 bytes
[2022.03.04-20.59.24:969][  0]LogD3D11RHI:     SharedSystemMemory : 8527564800 bytes
[2022.03.04-20.59.24:969][  0]LogD3D11RHI:     AdapterLuid : 0 52239
[2022.03.04-20.59.25:178][  0]LogD3D11RHI: RHI has support for 64 bit atomics
[2022.03.04-20.59.25:179][  0]LogD3D11RHI: Async texture creation enabled
[2022.03.04-20.59.25:179][  0]LogD3D11RHI: Array index from any shader is supported
[2022.03.04-20.59.26:141][  0]LogD3D11RHI: GPU Timing Frequency: 1000.000000 (Debug: 2 1)
[2022.03.04-20.59.27:361][  0]LogRHI: GeForceNow SDK initialized: 1
[2022.03.04-20.59.28:420][  0]LogTargetPlatformManager: Display: Loaded TargetPlatform 'AllDesktop'
[2022.03.04-20.59.28:473][  0]LogTargetPlatformManager: Display: Loaded TargetPlatform 'Android'
[2022.03.04-20.59.28:473][  0]LogTargetPlatformManager: Display: Loaded TargetPlatform 'Android_ASTC'
[2022.03.04-20.59.28:473][  0]LogTargetPlatformManager: Display: Loaded TargetPlatform 'Android_DXT'
[2022.03.04-20.59.28:473][  0]LogTargetPlatformManager: Display: Loaded TargetPlatform 'Android_ETC2'
[2022.03.04-20.59.28:473][  0]LogTargetPlatformManager: Display: Loaded TargetPlatform 'AndroidClient'
[2022.03.04-20.59.28:473][  0]LogTargetPlatformManager: Display: Loaded TargetPlatform 'Android_ASTCClient'
[2022.03.04-20.59.28:473][  0]LogTargetPlatformManager: Display: Loaded TargetPlatform 'Android_DXTClient'
[2022.03.04-20.59.28:473][  0]LogTargetPlatformManager: Display: Loaded TargetPlatform 'Android_ETC2Client'
[2022.03.04-20.59.28:473][  0]LogTargetPlatformManager: Display: Loaded TargetPlatform 'Android_Multi'
[2022.03.04-20.59.28:473][  0]LogTargetPlatformManager: Display: Loaded TargetPlatform 'Android_MultiClient'
[2022.03.04-20.59.28:963][  0]LogTargetPlatformManager: Display: Loaded TargetPlatform 'IOSClient'
[2022.03.04-20.59.28:963][  0]LogTargetPlatformManager: Display: Loaded TargetPlatform 'IOS'
[2022.03.04-20.59.29:058][  0]LogTargetPlatformManager: Display: Loaded TargetPlatform 'Linux'
[2022.03.04-20.59.29:093][  0]LogTargetPlatformManager: Display: Loaded TargetPlatform 'LinuxNoEditor'
[2022.03.04-20.59.29:134][  0]LogTargetPlatformManager: Display: Loaded TargetPlatform 'LinuxClient'
[2022.03.04-20.59.29:156][  0]LogTargetPlatformManager: Display: Loaded TargetPlatform 'LinuxServer'
[2022.03.04-20.59.29:332][  0]LogTargetPlatformManager: Display: Loaded TargetPlatform 'LinuxAArch64NoEditor'
[2022.03.04-20.59.29:388][  0]LogTargetPlatformManager: Display: Loaded TargetPlatform 'LinuxAArch64Client'
[2022.03.04-20.59.29:411][  0]LogTargetPlatformManager: Display: Loaded TargetPlatform 'LinuxAArch64Server'
[2022.03.04-20.59.29:554][  0]LogTargetPlatformManager: Display: Loaded TargetPlatform 'Lumin'
[2022.03.04-20.59.29:554][  0]LogTargetPlatformManager: Display: Loaded TargetPlatform 'LuminClient'
[2022.03.04-20.59.29:613][  0]LogTargetPlatformManager: Display: Loaded TargetPlatform 'MacNoEditor'
[2022.03.04-20.59.29:636][  0]LogTargetPlatformManager: Display: Loaded TargetPlatform 'Mac'
[2022.03.04-20.59.29:681][  0]LogTargetPlatformManager: Display: Loaded TargetPlatform 'MacClient'
[2022.03.04-20.59.29:706][  0]LogTargetPlatformManager: Display: Loaded TargetPlatform 'MacServer'
[2022.03.04-20.59.29:732][  0]LogTargetPlatformManager: Display: Loaded TargetPlatform 'TVOSClient'
[2022.03.04-20.59.29:732][  0]LogTargetPlatformManager: Display: Loaded TargetPlatform 'TVOS'
[2022.03.04-20.59.29:826][  0]LogTargetPlatformManager: Display: Loaded TargetPlatform 'WindowsNoEditor'
[2022.03.04-20.59.29:873][  0]LogTargetPlatformManager: Display: Loaded TargetPlatform 'Windows'
[2022.03.04-20.59.29:951][  0]LogTargetPlatformManager: Display: Loaded TargetPlatform 'WindowsClient'
[2022.03.04-20.59.30:026][  0]LogTargetPlatformManager: Display: Loaded TargetPlatform 'WindowsServer'
[2022.03.04-20.59.30:026][  0]LogTargetPlatformManager: Display: Building Assets For Windows
[2022.03.04-20.59.30:436][  0]LogAudioDebug: Display: Lib vorbis DLL was dynamically loaded.
[2022.03.04-20.59.31:167][  0]LogTextureFormatOodle: Display: Oodle Texture 2.9.0 init RDO Off
[2022.03.04-20.59.38:024][  0]LogRendererCore: Ray tracing is disabled. Reason: r.RayTracing=0.
[2022.03.04-20.59.38:088][  0]LogShaderCompilers: Guid format shader working directory is -9 characters bigger than the processId version (../../../../../Users/Jen Huffa/Documents/GitHub/ShaderProj/Intermediate/Shaders/WorkingDirectory/18444/).
[2022.03.04-20.59.38:088][  0]LogShaderCompilers: Cleaned the shader compiler working directory 'C:/Users/Jen Huffa/AppData/Local/Temp/UnrealShaderWorkingDir/A14E20E64C6BFA2256E445A4FAEA5DEA/'.
[2022.03.04-20.59.38:091][  0]LogXGEController: Cannot use XGE Controller as Incredibuild is not installed on this machine.
[2022.03.04-20.59.38:092][  0]LogShaderCompilers: Cannot use XGE Shader Compiler as Incredibuild is not installed on this machine.
[2022.03.04-20.59.38:092][  0]LogShaderCompilers: Display: Using Local Shader Compiler.
[2022.03.04-20.59.46:654][  0]LogDerivedDataCache: Display: Max Cache Size: 512 MB
[2022.03.04-20.59.46:964][  0]LogDerivedDataCache: Loaded boot cache 0.31s 94MB C:/Users/Jen Huffa/AppData/Local/UnrealEngine/4.27/DerivedDataCache/Boot.ddc.
[2022.03.04-20.59.46:964][  0]LogDerivedDataCache: Display: Loaded Boot cache: C:/Users/Jen Huffa/AppData/Local/UnrealEngine/4.27/DerivedDataCache/Boot.ddc
[2022.03.04-20.59.46:966][  0]LogDerivedDataCache: FDerivedDataBackendGraph:  Pak pak cache file ../../../../../Users/Jen Huffa/Documents/GitHub/ShaderProj/DerivedDataCache/DDC.ddp not found, will not use a pak cache.
[2022.03.04-20.59.46:966][  0]LogDerivedDataCache: Unable to find inner node Pak for hierarchical cache Hierarchy.
[2022.03.04-20.59.46:966][  0]LogDerivedDataCache: FDerivedDataBackendGraph:  CompressedPak pak cache file ../../../../../Users/Jen Huffa/Documents/GitHub/ShaderProj/DerivedDataCache/Compressed.ddp not found, will not use a pak cache.
[2022.03.04-20.59.46:966][  0]LogDerivedDataCache: Unable to find inner node CompressedPak for hierarchical cache Hierarchy.
[2022.03.04-20.59.47:112][  0]LogDerivedDataCache: Display: Pak cache opened for reading ../../../Engine/DerivedDataCache/Compressed.ddp.
[2022.03.04-20.59.47:112][  0]LogDerivedDataCache: FDerivedDataBackendGraph:  EnterprisePak pak cache file ../../../Enterprise/DerivedDataCache/Compressed.ddp not found, will not use a pak cache.
[2022.03.04-20.59.47:112][  0]LogDerivedDataCache: Unable to find inner node EnterprisePak for hierarchical cache Hierarchy.
[2022.03.04-20.59.47:253][  0]LogDerivedDataCache: Speed tests for C:/Users/Jen Huffa/AppData/Local/UnrealEngine/Common/DerivedDataCache took 0.14 seconds
[2022.03.04-20.59.47:253][  0]LogDerivedDataCache: Display: Performance to C:/Users/Jen Huffa/AppData/Local/UnrealEngine/Common/DerivedDataCache: Latency=0.34ms. RandomReadSpeed=8.22MBs, RandomWriteSpeed=40.31MBs. Assigned SpeedClass 'Local'
[2022.03.04-20.59.47:255][  0]LogDerivedDataCache: Using Local data cache path C:/Users/Jen Huffa/AppData/Local/UnrealEngine/Common/DerivedDataCache: Writable
[2022.03.04-20.59.47:256][  0]LogDerivedDataCache: Shared data cache path not found in *engine.ini, will not use an Shared cache.
[2022.03.04-20.59.47:256][  0]LogDerivedDataCache: Unable to find inner node Shared for hierarchical cache Hierarchy.
[2022.03.04-20.59.47:659][  0]LogSlate: Using FreeType 2.10.0
[2022.03.04-20.59.47:814][  0]LogSlate: SlateFontServices - WITH_FREETYPE: 1, WITH_HARFBUZZ: 1
[2022.03.04-20.59.49:054][  0]LogAssetRegistry: FAssetRegistry took 0.0966 seconds to start up
[2022.03.04-20.59.55:678][  0]LogInit: Selected Device Profile: [Windows]
[2022.03.04-20.59.55:678][  0]LogInit: Active device profile: [0000016E92224B00][0000016E8EC51A80 49] Windows
[2022.03.04-20.59.55:678][  0]LogInit: Profiles: [0000016E92224B00][0000016E8EC51A80 49] Windows, [0000016E921DE200][0000016E8EC59C00 49] WindowsNoEditor, [0000016E92225900][0000016E8EC5C200 49] WindowsServer, [0000016E921DEF00][0000016E87910380 49] WindowsClient, [0000016E92227C00][0000016E87914500 49] IOS, [0000016E921DCF00][0000016E87918680 49] iPadAir, [0000016E92227E00][0000016E8EC547C0 49] iPadAir2, [0000016E92188D00][0000016E87920A00 49] IPadPro, [0000016E92188E00][0000016E8791CA40 49] iPadAir3, [0000016E921DFC00][0000016E87924B80 49] iPadAir4, [0000016E9218B700][0000016E8EE00D00 49] iPadMini2, [0000016E921DF200][0000016E8EE04E80 49] iPadMini3, [0000016E9218B900][0000016E8EE09000 49] iPadMini4, [0000016E921DF600][0000016E8EE0D180 49] iPadMini5, [0000016E921B0600][0000016E8EE15440 49] iPhone6, [0000016E921B0700][0000016E8EE11480 49] iPodTouch6, [0000016E92226600][0000016E8EE1D740 49] iPhone7, [0000016E92226800][0000016E8EE19780 49] iPodTouch7, [0000016E921B0100][0000016E8EE21900 49] iPhone5S, [0000016E92188700][0000016E8EE25A80 49] iPhone6Plus, [0000016E921B2500][0000016E8EE29C00 49] iPhone6S, [0000016E92189400][0000016E8EE2C200 49] iPhone6SPlus, [0000016E921B3B00][0000016E8EE30380 49] iPhone7Plus, [0000016E9218B600][0000016E8EE34500 49] iPhoneSE, [0000016E92226C00][0000016E8EE38680 49] iPhone8, [0000016E92188600][0000016E8EE3C800 49] iPhone8Plus, [0000016E92226100][0000016E87928940 49] iPhoneX, [0000016E9218A900][0000016E8EE40A80 49] iPhoneXS, [0000016E92227D00][0000016E8EE44BC0 49] iPhoneXSMax, [0000016E9218AE00][0000016E8EE48D00 49] iPhoneXR, [0000016E92227F00][0000016E8EE50E80 49] iPhone11, [0000016E92189F00][0000016E8EE55000 49] iPhone11Pro, [0000016E92224600][0000016E8EE59180 49] iPhone11ProMax, [0000016E9218A000][0000016E8EE5D300 49] iPhoneSE2, [0000016E92227A00][0000016E8EE61480 49] iPhone12Mini, [0000016E9218A700][0000016E8EE65600 49] iPhone12, [0000016E92226A00][0000016E8EE69780 49] iPhone12Pro, [0000016E92188500][0000016E8EE6D900 49] iPhone12ProMax, [0000016E92227900][0000016E8EE71A80 49] iPadPro105, [0000016E92189800][0000016E8EE75C00 49] iPadPro129, [0000016E92224C00][0000016E8EE78200 49] iPadPro97, [0000016E9218A400][0000016E8EE7C380 49] iPadPro2_129, [0000016E92224800][0000016E8EE80500 49] iPad5, [0000016E92188400][0000016E8EE84680 49] iPad6, [0000016E92225B00][0000016E8EE88800 49] iPad7, [0000016E9218B500][0000016E8EE8C980 49] iPad8, [0000016E92225F00][0000016E8EE90B00 49] iPadPro11, [0000016E92189A00][0000016E8EE4CC40 49] iPadPro2_11, [0000016E92226500][0000016E8EE94D80 49] iPadPro3_129, [0000016E9218A200][0000016E8EE98EC0 49] iPadPro4_129, [0000016E92225600][0000016E8EEA1040 49] AppleTV, [0000016E9218BD00][0000016E8EEA51C0 49] AppleTV4K, [0000016E92225A00][0000016E8F17F340 49] TVOS, [0000016E92188A00][0000016E8F1834C0 49] Mac, [0000016E92226400][0000016E8F187640 49] MacClient, [0000016E9218AC00][0000016E8F18B7C0 49] MacNoEditor, [0000016E92227500][0000016E8F18F940 49] MacServer, [0000016E9218A300][0000016E8F193AC0 49] Linux, [0000016E92224300][0000016E8F1960C0 49] LinuxAArch64, [0000016E9218A100][0000016E8F19A240 49] LinuxNoEditor, [0000016E92226300][0000016E8F19E3C0 49] LinuxAArch64NoEditor, [0000016E9218BC00][0000016E8F1A2540 49] LinuxClient, [0000016E92224F00][0000016E8F1A66C0 49] LinuxAArch64Client, [0000016E92189200][0000016E8F1AA840 49] LinuxServer, [0000016E92227000][0000016E8F1AE9C0 49] LinuxAArch64Server, [0000016E92189600][0000016E8F1B2B40 49] Android, [0000016E92225200][0000016E8F1B6CC0 49] Android_Low, [0000016E9218BE00][0000016E8EE9CE00 49] Android_Mid, [0000016E92224100][0000016E8F1BAF40 49] Android_High, [0000016E9218AA00][0000016E8F1BF080 49] Android_Default, [0000016E92225300][0000016E8F1C31C0 49] Android_Adreno4xx, [0000016E921DE400][0000016E8F1CB340 49] Android_Adreno5xx_Low, [0000016E921B1C00][0000016E8F1CF4C0 49] Android_Adreno5xx, [0000016E921DFF00][0000016E8F1D3640 49] Android_Adreno6xx, [0000016E921B2700][0000016E8F1D77C0 49] Android_Adreno6xx_Vulkan, [0000016E921DF700][0000016E8F1DB940 49] Android_Mali_T6xx, [0000016E921B0F00][0000016E8F1DFAC0 49] Android_Mali_T7xx, [0000016E921DDC00][0000016E8F1E20C0 49] Android_Mali_T8xx, [0000016E921B1F00][0000016E8F1E6240 49] Android_Mali_G71, [0000016E921DED00][0000016E8F1EA3C0 49] Android_Mali_G72, [0000016E921B2F00][0000016E8F1EE540 49] Android_Mali_G72_Vulkan, [0000016E921DE600][0000016E8F1F26C0 49] Android_Mali_G76, [0000016E921B2200][0000016E8F1F6840 49] Android_Mali_G76_Vulkan, [0000016E921DCE00][0000016E8F1FA9C0 49] Android_Mali_G77, [0000016E921B1400][0000016E8F1FEB40 49] Android_Mali_G77_Vulkan, [0000016E921DF800][0000016E8F202CC0 49] Android_Mali_G78, [0000016E921B1300][0000016E8F206E40 49] Android_Mali_G78_Vulkan, [0000016E921DD600][0000016E8F1C6F80 49] Android_Mali_G710, [0000016E921B3D00][0000016E8F20B0C0 49] Android_Mali_G710_Vulkan, [0000016E921DC700][0000016E8F20F200 49] Android_Vulkan_SM5, [0000016E921B1B00][0000016E8F213340 49] Android_PowerVR_G6xxx, [0000016E921DCA00][0000016E8F21B4C0 49] Android_PowerVR_GT7xxx, [0000016E921B0200][0000016E8F21F640 49] Android_PowerVR_GE8xxx, [0000016E921DF900][0000016E8F2237C0 49] Android_PowerVR_GM9xxx, [0000016E921B0A00][0000016E8F227940 49] Android_PowerVR_GM9xxx_Vulkan, [0000016E921DD000][0000016E8F22BAC0 49] Android_TegraK1, [0000016E921B1700][0000016E8F22E0C0 49] Android_Unknown_Vulkan, [0000016E921DD900][0000016E8F232240 49] Lumin, [0000016E921B3C00][0000016E8F2363C0 49] Lumin_Desktop, [0000016E921DD700][0000016E8F23A540 49] HoloLens, 
[2022.03.04-21.00.00:723][  0]LogMeshReduction: Using QuadricMeshReduction for automatic static mesh reduction
[2022.03.04-21.00.00:723][  0]LogMeshReduction: Using SimplygonMeshReduction for automatic skeletal mesh reduction
[2022.03.04-21.00.00:723][  0]LogMeshReduction: Using ProxyLODMeshReduction for automatic mesh merging
[2022.03.04-21.00.00:723][  0]LogMeshReduction: No distributed automatic mesh merging module available
[2022.03.04-21.00.00:734][  0]LogMeshMerging: No distributed automatic mesh merging module available
[2022.03.04-21.00.02:209][  0]LogNetVersion: ShaderProj 1.0.0, NetCL: 17155196, EngineNetVer: 17, GameNetVer: 0 (Checksum: 2662287988)
[2022.03.04-21.00.27:176][  0]LogTexture: Default maximum texture size for cubemaps generated from long-lat sources has been changed from 512 to unlimited. In order to preserve old behaiour for '/Engine/MapTemplates/Sky/DaylightAmbientCubemap.DaylightAmbientCubemap', its maximum texture size has been explicitly set to 512.
[2022.03.04-21.00.29:423][  0]LogHMD: PokeAHoleMaterial loaded successfully
[2022.03.04-21.00.29:746][  0]LogUObjectArray: 17178 objects as part of root set at end of initial load.
[2022.03.04-21.00.29:747][  0]LogUObjectAllocator: 4302048 out of 0 bytes used by permanent object pool.
[2022.03.04-21.00.29:747][  0]LogUObjectArray: CloseDisregardForGC: 0/0 objects in disregard for GC pool
[2022.03.04-21.00.36:312][  0]LogPython: Using Python 3.7.7
[2022.03.04-21.00.40:179][  0]LogNiagaraDebuggerClient: Niagara Debugger Client Initialized | Session: 148E26144A3713E23F831A84E0A11872 | Instance: 40F7A71D42679A290030209F1A5284EA (JENHUFFA-18444).
[2022.03.04-21.00.43:144][  0]LogUdpMessaging: Initializing bridge on interface 0.0.0.0:0 to multicast group 230.0.0.1:6666.
[2022.03.04-21.00.43:250][  0]LogTcpMessaging: Initializing TcpMessaging bridge
[2022.03.04-21.00.45:762][  0]SourceControl: Source control is disabled
[2022.03.04-21.00.45:763][  0]SourceControl: Source control is disabled
[2022.03.04-21.00.46:015][  0]SourceControl: Source control is disabled
[2022.03.04-21.00.46:121][  0]SourceControl: Source control is disabled
[2022.03.04-21.00.46:339][  0]SourceControl: Source control is disabled
[2022.03.04-21.00.46:442][  0]LogUProjectInfo: Found projects:
[2022.03.04-21.00.50:583][  0]LogOpenImageDenoise: OIDN starting up
[2022.03.04-21.00.51:548][  0]LogAndroidPermission: UAndroidPermissionCallbackProxy::GetInstance
[2022.03.04-21.00.51:932][  0]LogAudioCaptureCore: Display: No Audio Capture implementations found. Audio input will be silent.
[2022.03.04-21.00.51:932][  0]LogAudioCaptureCore: Display: No Audio Capture implementations found. Audio input will be silent.
[2022.03.04-21.00.56:485][  0]LogCollectionManager: Loaded 0 collections in 0.002474 seconds
[2022.03.04-21.00.56:565][  0]LogFileCache: Scanning file cache for directory 'D:/Users/Jen Huffa/Documents/GitHub/ShaderProj/Saved/Collections/' took 0.00s
[2022.03.04-21.00.56:565][  0]LogFileCache: Scanning file cache for directory 'D:/Users/Jen Huffa/Documents/GitHub/ShaderProj/Content/Developers/JenHuffa/Collections/' took 0.00s
[2022.03.04-21.00.56:565][  0]LogFileCache: Scanning file cache for directory 'D:/Users/Jen Huffa/Documents/GitHub/ShaderProj/Content/Collections/' took 0.00s
[2022.03.04-21.00.57:120][  0]LogOcInput: OculusInput pre-init called
[2022.03.04-21.00.59:479][  0]LogEngine: Initializing Engine...
[2022.03.04-21.00.59:767][  0]LogHMD: Failed to enumerate extensions. Please check that you have a valid OpenXR runtime installed.
[2022.03.04-21.00.59:768][  0]LogHMD: Failed to initialize OpenVR with code 110
[2022.03.04-21.00.59:781][  0]LogMagicLeap: Warning: VR disabled because ZI is not enabled.  To enable, in the editor, Edit -> Project Settings -> Plugins -> Magic Leap Plugin -> Enable Zero Iteration
[2022.03.04-21.00.59:859][  0]LogStats: UGameplayTagsManager::InitializeManager -  0.009 s
[2022.03.04-21.01.01:416][  0]LogInit: Initializing FReadOnlyCVARCache
[2022.03.04-21.01.02:100][  0]LogAIModule: Creating AISystem for world Untitled
[2022.03.04-21.01.02:147][  0]LogAudio: Display: Initializing Audio Device Manager...
[2022.03.04-21.01.02:208][  0]LogAudio: Display: Loading Default Audio Settings Objects...
[2022.03.04-21.01.02:238][  0]LogAudio: Display: No default SoundConcurrencyObject specified (or failed to load).
[2022.03.04-21.01.02:338][  0]LogAudio: Display: Audio Device Manager Initialized
[2022.03.04-21.01.02:338][  0]LogAudio: Display: Creating Audio Device:                 Id: 1, Scope: Shared, Realtime: True
[2022.03.04-21.01.02:367][  0]LogAudioMixer: Display: Audio Mixer Platform Settings:
[2022.03.04-21.01.02:368][  0]LogAudioMixer: Display: 	Sample Rate:						  48000
[2022.03.04-21.01.02:368][  0]LogAudioMixer: Display: 	Callback Buffer Frame Size Requested: 1024
[2022.03.04-21.01.02:368][  0]LogAudioMixer: Display: 	Callback Buffer Frame Size To Use:	  1024
[2022.03.04-21.01.02:368][  0]LogAudioMixer: Display: 	Number of buffers to queue:			  2
[2022.03.04-21.01.02:368][  0]LogAudioMixer: Display: 	Max Channels (voices):				  32
[2022.03.04-21.01.02:368][  0]LogAudioMixer: Display: 	Number of Async Source Workers:		  0
[2022.03.04-21.01.02:368][  0]LogAudio: Display: AudioDevice MaxSources: 32
[2022.03.04-21.01.02:378][  0]LogAudio: Display: Audio Spatialization Plugin: None (built-in).
[2022.03.04-21.01.02:378][  0]LogAudio: Display: Audio Reverb Plugin: None (built-in).
[2022.03.04-21.01.02:378][  0]LogAudio: Display: Audio Occlusion Plugin: None (built-in).
[2022.03.04-21.01.02:378][  0]LogAudioMixer: Display: Initializing audio mixer.
[2022.03.04-21.01.02:525][  0]LogAudioMixer: Display: 0: FrontLeft
[2022.03.04-21.01.02:525][  0]LogAudioMixer: Display: 1: FrontRight
[2022.03.04-21.01.02:571][  0]LogAudioMixer: Display: Using Audio Device DELL U2515HX (Intel(R) Display Audio)
[2022.03.04-21.01.02:663][  0]LogAudioMixer: Display: Initializing Sound Submixes...
[2022.03.04-21.01.02:734][  0]LogAudioMixer: Display: Creating Master Submix 'MasterSubmixDefault'
[2022.03.04-21.01.02:734][  0]LogAudioMixer: Display: Creating Master Submix 'MasterReverbSubmixDefault'
[2022.03.04-21.01.02:763][  0]LogAudioMixer: Display: Creating Master Submix 'MasterEQSubmixDefault'
[2022.03.04-21.01.02:764][  0]LogAudioMixer: FMixerPlatformXAudio2::StartAudioStream() called
[2022.03.04-21.01.02:764][  0]LogAudioMixer: Display: Output buffers initialized: Frames=1024, Channels=2, Samples=2048
[2022.03.04-21.01.02:765][  0]LogAudioMixer: Display: Starting AudioMixerPlatformInterface::RunInternal()
[2022.03.04-21.01.02:765][  0]LogAudioMixer: Display: FMixerPlatformXAudio2::SubmitBuffer() called for the first time
[2022.03.04-21.01.02:765][  0]LogInit: FAudioDevice initialized.
[2022.03.04-21.01.02:766][  0]LogAudio: Display: Audio Device (ID: 1) registered with world 'Untitled'.
[2022.03.04-21.01.02:766][  0]LogNetVersion: Set ProjectVersion to 1.0.0.0. Version Checksum will be recalculated on next use.
[2022.03.04-21.01.02:851][  0]LogDerivedDataCache: Saved boot cache 0.08s 94MB C:/Users/Jen Huffa/AppData/Local/UnrealEngine/4.27/DerivedDataCache/Boot.ddc.
[2022.03.04-21.01.02:851][  0]LogInit: Texture streaming: Enabled
[2022.03.04-21.01.03:141][  0]LogAnalytics: Display: [UEEditor.Rocket.Release] APIServer = https://datarouter.ol.epicgames.com/. AppVersion = 4.27.2-18319896+++UE4+Release-4.27
[2022.03.04-21.01.03:217][  0]LogEngineSessionManager: EngineSessionManager initialized
[2022.03.04-21.01.03:230][  0]LogEditorSessionSummary: Verbose: Initializing EditorSessionSummaryWriter for editor session tracking
[2022.03.04-21.01.03:264][  0]LogEditorSessionSummary: EditorSessionSummaryWriter initialized
[2022.03.04-21.01.04:062][  0]LogInit: Transaction tracking system initialized
[2022.03.04-21.01.05:370][  0]BlueprintLog: New page: Editor Load
[2022.03.04-21.01.07:775][  0]LocalizationService: Localization service is disabled
[2022.03.04-21.01.08:604][  0]TimingProfiler: Initialize
[2022.03.04-21.01.08:611][  0]TimingProfiler: OnSessionChanged
[2022.03.04-21.01.08:611][  0]LoadingProfiler: Initialize
[2022.03.04-21.01.08:611][  0]LoadingProfiler: OnSessionChanged
[2022.03.04-21.01.08:612][  0]NetworkingProfiler: Initialize
[2022.03.04-21.01.08:613][  0]NetworkingProfiler: OnSessionChanged
[2022.03.04-21.01.08:613][  0]MemoryProfiler: Initialize
[2022.03.04-21.01.08:613][  0]MemoryProfiler: OnSessionChanged
[2022.03.04-21.01.15:855][  0]LogFileCache: Scanning file cache for directory 'D:/Users/Jen Huffa/Documents/GitHub/ShaderProj/Content/' took 0.37s
[2022.03.04-21.01.15:855][  0]LogCook: Display: CookSettings for Memory: MemoryMaxUsedVirtual 0MiB, MemoryMaxUsedPhysical 16384MiB, MemoryMinFreeVirtual 0MiB, MemoryMinFreePhysical 1024MiB
[2022.03.04-21.01.15:855][  0]LogCook: Display: Mobile HDR setting 1
[2022.03.04-21.01.23:433][  0]LogInit: Display: Engine is initialized. Leaving FEngineLoop::Init()
[2022.03.04-21.01.23:626][  0]SourceControl: Source control is disabled
[2022.03.04-21.01.23:637][  0]LogUnrealEdMisc: Loading editor; pre map load, took 192.777
[2022.03.04-21.01.23:692][  0]Cmd: MAP LOAD FILE="../../../Engine/Content/Maps/Templates/Template_Default.umap" TEMPLATE=1 SHOWPROGRESS=1 FEATURELEVEL=3
[2022.03.04-21.01.23:759][  0]LightingResults: New page: Lighting Build
[2022.03.04-21.01.23:981][  0]LogWorld: UWorld::CleanupWorld for Untitled, bSessionEnded=true, bCleanupResources=true
[2022.03.04-21.01.24:116][  0]LogSlate: InvalidateAllWidgets triggered.  All widgets were invalidated
[2022.03.04-21.01.24:196][  0]MapCheck: New page: Map Check
[2022.03.04-21.01.24:196][  0]LightingResults: New page: Lighting Build
[2022.03.04-21.01.24:554][  0]LogAudio: Display: Audio Device unregistered from world 'None'.
[2022.03.04-21.01.24:754][  0]LogUObjectHash: Compacting FUObjectHashTables data took   1.67ms
[2022.03.04-21.01.26:464][  0]LogTexture: Display: Building textures: DeprecatedTextureEB9CBE3C423008B5E8E130901E171C89 (BGRA8, 128X128)
[2022.03.04-21.01.26:769][  0]LogAudio: Display: Audio Device (ID: 1) registered with world 'Untitled_1'.
[2022.03.04-21.01.26:798][  0]LogAIModule: Creating AISystem for world Untitled_1
[2022.03.04-21.01.27:511][  0]LogEditorServer: Finished looking for orphan Actors (0.000 secs)
[2022.03.04-21.01.27:771][  0]LogUObjectHash: Compacting FUObjectHashTables data took   0.98ms
[2022.03.04-21.01.27:923][  0]Cmd: MAP CHECKDEP NOCLEARLOG
[2022.03.04-21.01.27:937][  0]MapCheck: Map check complete: 0 Error(s), 0 Warning(s), took 13.61ms to complete.
[2022.03.04-21.01.27:937][  0]LogFileHelpers: Loading map 'Template_Default' took 4.254
[2022.03.04-21.01.29:508][  0]LogUnrealEdMisc: Total Editor Startup Time, took 198.648
[2022.03.04-21.01.31:491][  0]LogSlate: Updating window title bar state: overlay mode, drag disabled, window buttons hidden, title bar hidden
[2022.03.04-21.01.31:624][  0]LogSlate: Updating window title bar state: overlay mode, drag disabled, window buttons hidden, title bar hidden
[2022.03.04-21.01.31:638][  0]LogSlate: Updating window title bar state: overlay mode, drag disabled, window buttons hidden, title bar hidden
[2022.03.04-21.01.31:651][  0]LogSlate: Updating window title bar state: overlay mode, drag disabled, window buttons hidden, title bar hidden
[2022.03.04-21.01.32:380][  0]LogNativeClassHierarchy: Verbose: Native class hierarchy populated in 0.0312 seconds. Added 3822 classes and 928 folders.
[2022.03.04-21.01.32:612][  0]LogNativeClassHierarchy: Verbose: Native class hierarchy updated for 'WidgetCarousel' in 0.0011 seconds. Added 0 classes and 0 folders.
[2022.03.04-21.01.32:840][  0]LogPakFile: PakFile PrimaryIndexSize=187
[2022.03.04-21.01.32:840][  0]LogPakFile: PakFile PathHashIndexSize=101
[2022.03.04-21.01.32:840][  0]LogPakFile: PakFile FullDirectoryIndexSize=148
[2022.03.04-21.01.32:840][  0]LogShaderLibrary: Display: ShaderCodeLibraryPakFileMountedCallback: PakFile 'D:/Epic Games/UE_4.27/FeaturePacks/FP_FirstPerson.upack' (chunk index -1, root 'root:/') mounted
[2022.03.04-21.01.32:840][  0]LogShaderLibrary: Display: ShaderCodeLibraryPakFileMountedCallback: pending pak file info (ChunkID:-1 Root:root:/ File:D:/Epic Games/UE_4.27/FeaturePacks/FP_FirstPerson.upack)
[2022.03.04-21.01.32:840][  0]LogPakFile: OnPakFileMounted2Time == 0.000261
[2022.03.04-21.01.32:941][  0]LogPakFile: PakFile PrimaryIndexSize=189
[2022.03.04-21.01.32:942][  0]LogPakFile: PakFile PathHashIndexSize=101
[2022.03.04-21.01.32:942][  0]LogPakFile: PakFile FullDirectoryIndexSize=152
[2022.03.04-21.01.32:942][  0]LogShaderLibrary: Display: ShaderCodeLibraryPakFileMountedCallback: PakFile 'D:/Epic Games/UE_4.27/FeaturePacks/FP_FirstPersonBP.upack' (chunk index -1, root 'root:/') mounted
[2022.03.04-21.01.32:942][  0]LogShaderLibrary: Display: ShaderCodeLibraryPakFileMountedCallback: pending pak file info (ChunkID:-1 Root:root:/ File:D:/Epic Games/UE_4.27/FeaturePacks/FP_FirstPersonBP.upack)
[2022.03.04-21.01.32:942][  0]LogPakFile: OnPakFileMounted2Time == 0.000118
[2022.03.04-21.01.32:971][  0]LogPakFile: PakFile PrimaryIndexSize=191
[2022.03.04-21.01.32:971][  0]LogPakFile: PakFile PathHashIndexSize=101
[2022.03.04-21.01.32:971][  0]LogPakFile: PakFile FullDirectoryIndexSize=160
[2022.03.04-21.01.32:971][  0]LogShaderLibrary: Display: ShaderCodeLibraryPakFileMountedCallback: PakFile 'D:/Epic Games/UE_4.27/FeaturePacks/MobileStarterContent.upack' (chunk index -1, root 'root:/') mounted
[2022.03.04-21.01.32:971][  0]LogShaderLibrary: Display: ShaderCodeLibraryPakFileMountedCallback: pending pak file info (ChunkID:-1 Root:root:/ File:D:/Epic Games/UE_4.27/FeaturePacks/MobileStarterContent.upack)
[2022.03.04-21.01.32:971][  0]LogPakFile: OnPakFileMounted2Time == 0.000102
[2022.03.04-21.01.33:002][  0]LogPakFile: PakFile PrimaryIndexSize=185
[2022.03.04-21.01.33:002][  0]LogPakFile: PakFile PathHashIndexSize=101
[2022.03.04-21.01.33:002][  0]LogPakFile: PakFile FullDirectoryIndexSize=148
[2022.03.04-21.01.33:002][  0]LogShaderLibrary: Display: ShaderCodeLibraryPakFileMountedCallback: PakFile 'D:/Epic Games/UE_4.27/FeaturePacks/StarterContent.upack' (chunk index -1, root 'root:/') mounted
[2022.03.04-21.01.33:002][  0]LogShaderLibrary: Display: ShaderCodeLibraryPakFileMountedCallback: pending pak file info (ChunkID:-1 Root:root:/ File:D:/Epic Games/UE_4.27/FeaturePacks/StarterContent.upack)
[2022.03.04-21.01.33:002][  0]LogPakFile: OnPakFileMounted2Time == 0.000107
[2022.03.04-21.01.33:158][  0]LogPakFile: PakFile PrimaryIndexSize=190
[2022.03.04-21.01.33:158][  0]LogPakFile: PakFile PathHashIndexSize=101
[2022.03.04-21.01.33:159][  0]LogPakFile: PakFile FullDirectoryIndexSize=154
[2022.03.04-21.01.33:159][  0]LogShaderLibrary: Display: ShaderCodeLibraryPakFileMountedCallback: PakFile 'D:/Epic Games/UE_4.27/FeaturePacks/TP_2DSideScroller.upack' (chunk index -1, root 'root:/') mounted
[2022.03.04-21.01.33:159][  0]LogShaderLibrary: Display: ShaderCodeLibraryPakFileMountedCallback: pending pak file info (ChunkID:-1 Root:root:/ File:D:/Epic Games/UE_4.27/FeaturePacks/TP_2DSideScroller.upack)
[2022.03.04-21.01.33:159][  0]LogPakFile: OnPakFileMounted2Time == 0.000170
[2022.03.04-21.01.33:215][  0]LogPakFile: PakFile PrimaryIndexSize=192
[2022.03.04-21.01.33:215][  0]LogPakFile: PakFile PathHashIndexSize=101
[2022.03.04-21.01.33:216][  0]LogPakFile: PakFile FullDirectoryIndexSize=158
[2022.03.04-21.01.33:216][  0]LogShaderLibrary: Display: ShaderCodeLibraryPakFileMountedCallback: PakFile 'D:/Epic Games/UE_4.27/FeaturePacks/TP_2DSideScrollerBP.upack' (chunk index -1, root 'root:/') mounted
[2022.03.04-21.01.33:216][  0]LogShaderLibrary: Display: ShaderCodeLibraryPakFileMountedCallback: pending pak file info (ChunkID:-1 Root:root:/ File:D:/Epic Games/UE_4.27/FeaturePacks/TP_2DSideScrollerBP.upack)
[2022.03.04-21.01.33:216][  0]LogPakFile: OnPakFileMounted2Time == 0.000166
[2022.03.04-21.01.33:256][  0]LogPakFile: PakFile PrimaryIndexSize=182
[2022.03.04-21.01.33:256][  0]LogPakFile: PakFile PathHashIndexSize=101
[2022.03.04-21.01.33:256][  0]LogPakFile: PakFile FullDirectoryIndexSize=138
[2022.03.04-21.01.33:256][  0]LogShaderLibrary: Display: ShaderCodeLibraryPakFileMountedCallback: PakFile 'D:/Epic Games/UE_4.27/FeaturePacks/TP_Flying.upack' (chunk index -1, root 'root:/') mounted
[2022.03.04-21.01.33:256][  0]LogShaderLibrary: Display: ShaderCodeLibraryPakFileMountedCallback: pending pak file info (ChunkID:-1 Root:root:/ File:D:/Epic Games/UE_4.27/FeaturePacks/TP_Flying.upack)
[2022.03.04-21.01.33:256][  0]LogPakFile: OnPakFileMounted2Time == 0.000187
[2022.03.04-21.01.33:341][  0]LogPakFile: PakFile PrimaryIndexSize=184
[2022.03.04-21.01.33:342][  0]LogPakFile: PakFile PathHashIndexSize=101
[2022.03.04-21.01.33:342][  0]LogPakFile: PakFile FullDirectoryIndexSize=142
[2022.03.04-21.01.33:342][  0]LogShaderLibrary: Display: ShaderCodeLibraryPakFileMountedCallback: PakFile 'D:/Epic Games/UE_4.27/FeaturePacks/TP_FlyingBP.upack' (chunk index -1, root 'root:/') mounted
[2022.03.04-21.01.33:342][  0]LogShaderLibrary: Display: ShaderCodeLibraryPakFileMountedCallback: pending pak file info (ChunkID:-1 Root:root:/ File:D:/Epic Games/UE_4.27/FeaturePacks/TP_FlyingBP.upack)
[2022.03.04-21.01.33:342][  0]LogPakFile: OnPakFileMounted2Time == 0.000163
[2022.03.04-21.01.33:436][  0]LogPakFile: PakFile PrimaryIndexSize=188
[2022.03.04-21.01.33:436][  0]LogPakFile: PakFile PathHashIndexSize=101
[2022.03.04-21.01.33:437][  0]LogPakFile: PakFile FullDirectoryIndexSize=150
[2022.03.04-21.01.33:437][  0]LogShaderLibrary: Display: ShaderCodeLibraryPakFileMountedCallback: PakFile 'D:/Epic Games/UE_4.27/FeaturePacks/TP_HandheldARBP.upack' (chunk index -1, root 'root:/') mounted
[2022.03.04-21.01.33:437][  0]LogShaderLibrary: Display: ShaderCodeLibraryPakFileMountedCallback: pending pak file info (ChunkID:-1 Root:root:/ File:D:/Epic Games/UE_4.27/FeaturePacks/TP_HandheldARBP.upack)
[2022.03.04-21.01.33:437][  0]LogPakFile: OnPakFileMounted2Time == 0.000165
[2022.03.04-21.01.33:522][  0]LogPakFile: PakFile PrimaryIndexSize=182
[2022.03.04-21.01.33:523][  0]LogPakFile: PakFile PathHashIndexSize=101
[2022.03.04-21.01.33:523][  0]LogPakFile: PakFile FullDirectoryIndexSize=138
[2022.03.04-21.01.33:523][  0]LogShaderLibrary: Display: ShaderCodeLibraryPakFileMountedCallback: PakFile 'D:/Epic Games/UE_4.27/FeaturePacks/TP_Puzzle.upack' (chunk index -1, root 'root:/') mounted
[2022.03.04-21.01.33:523][  0]LogShaderLibrary: Display: ShaderCodeLibraryPakFileMountedCallback: pending pak file info (ChunkID:-1 Root:root:/ File:D:/Epic Games/UE_4.27/FeaturePacks/TP_Puzzle.upack)
[2022.03.04-21.01.33:523][  0]LogPakFile: OnPakFileMounted2Time == 0.000179
[2022.03.04-21.01.33:602][  0]LogPakFile: PakFile PrimaryIndexSize=184
[2022.03.04-21.01.33:602][  0]LogPakFile: PakFile PathHashIndexSize=101
[2022.03.04-21.01.33:602][  0]LogPakFile: PakFile FullDirectoryIndexSize=142
[2022.03.04-21.01.33:603][  0]LogShaderLibrary: Display: ShaderCodeLibraryPakFileMountedCallback: PakFile 'D:/Epic Games/UE_4.27/FeaturePacks/TP_PuzzleBP.upack' (chunk index -1, root 'root:/') mounted
[2022.03.04-21.01.33:603][  0]LogShaderLibrary: Display: ShaderCodeLibraryPakFileMountedCallback: pending pak file info (ChunkID:-1 Root:root:/ File:D:/Epic Games/UE_4.27/FeaturePacks/TP_PuzzleBP.upack)
[2022.03.04-21.01.33:603][  0]LogPakFile: OnPakFileMounted2Time == 0.000202
[2022.03.04-21.01.33:631][  0]LogPakFile: PakFile PrimaryIndexSize=183
[2022.03.04-21.01.33:631][  0]LogPakFile: PakFile PathHashIndexSize=101
[2022.03.04-21.01.33:631][  0]LogPakFile: PakFile FullDirectoryIndexSize=140
[2022.03.04-21.01.33:631][  0]LogShaderLibrary: Display: ShaderCodeLibraryPakFileMountedCallback: PakFile 'D:/Epic Games/UE_4.27/FeaturePacks/TP_Rolling.upack' (chunk index -1, root 'root:/') mounted
[2022.03.04-21.01.33:631][  0]LogShaderLibrary: Display: ShaderCodeLibraryPakFileMountedCallback: pending pak file info (ChunkID:-1 Root:root:/ File:D:/Epic Games/UE_4.27/FeaturePacks/TP_Rolling.upack)
[2022.03.04-21.01.33:631][  0]LogPakFile: OnPakFileMounted2Time == 0.000065
[2022.03.04-21.01.33:681][  0]LogPakFile: PakFile PrimaryIndexSize=185
[2022.03.04-21.01.33:681][  0]LogPakFile: PakFile PathHashIndexSize=101
[2022.03.04-21.01.33:681][  0]LogPakFile: PakFile FullDirectoryIndexSize=144
[2022.03.04-21.01.33:681][  0]LogShaderLibrary: Display: ShaderCodeLibraryPakFileMountedCallback: PakFile 'D:/Epic Games/UE_4.27/FeaturePacks/TP_RollingBP.upack' (chunk index -1, root 'root:/') mounted
[2022.03.04-21.01.33:681][  0]LogShaderLibrary: Display: ShaderCodeLibraryPakFileMountedCallback: pending pak file info (ChunkID:-1 Root:root:/ File:D:/Epic Games/UE_4.27/FeaturePacks/TP_RollingBP.upack)
[2022.03.04-21.01.33:681][  0]LogPakFile: OnPakFileMounted2Time == 0.000041
[2022.03.04-21.01.33:720][  0]LogPakFile: PakFile PrimaryIndexSize=188
[2022.03.04-21.01.33:720][  0]LogPakFile: PakFile PathHashIndexSize=101
[2022.03.04-21.01.33:720][  0]LogPakFile: PakFile FullDirectoryIndexSize=150
[2022.03.04-21.01.33:720][  0]LogShaderLibrary: Display: ShaderCodeLibraryPakFileMountedCallback: PakFile 'D:/Epic Games/UE_4.27/FeaturePacks/TP_SideScroller.upack' (chunk index -1, root 'root:/') mounted
[2022.03.04-21.01.33:720][  0]LogShaderLibrary: Display: ShaderCodeLibraryPakFileMountedCallback: pending pak file info (ChunkID:-1 Root:root:/ File:D:/Epic Games/UE_4.27/FeaturePacks/TP_SideScroller.upack)
[2022.03.04-21.01.33:720][  0]LogPakFile: OnPakFileMounted2Time == 0.000130
[2022.03.04-21.01.33:749][  0]LogPakFile: PakFile PrimaryIndexSize=190
[2022.03.04-21.01.33:749][  0]LogPakFile: PakFile PathHashIndexSize=101
[2022.03.04-21.01.33:749][  0]LogPakFile: PakFile FullDirectoryIndexSize=154
[2022.03.04-21.01.33:749][  0]LogShaderLibrary: Display: ShaderCodeLibraryPakFileMountedCallback: PakFile 'D:/Epic Games/UE_4.27/FeaturePacks/TP_SideScrollerBP.upack' (chunk index -1, root 'root:/') mounted
[2022.03.04-21.01.33:750][  0]LogShaderLibrary: Display: ShaderCodeLibraryPakFileMountedCallback: pending pak file info (ChunkID:-1 Root:root:/ File:D:/Epic Games/UE_4.27/FeaturePacks/TP_SideScrollerBP.upack)
[2022.03.04-21.01.33:750][  0]LogPakFile: OnPakFileMounted2Time == 0.000247
[2022.03.04-21.01.33:784][  0]LogPakFile: PakFile PrimaryIndexSize=187
[2022.03.04-21.01.33:784][  0]LogPakFile: PakFile PathHashIndexSize=101
[2022.03.04-21.01.33:785][  0]LogPakFile: PakFile FullDirectoryIndexSize=148
[2022.03.04-21.01.33:785][  0]LogShaderLibrary: Display: ShaderCodeLibraryPakFileMountedCallback: PakFile 'D:/Epic Games/UE_4.27/FeaturePacks/TP_ThirdPerson.upack' (chunk index -1, root 'root:/') mounted
[2022.03.04-21.01.33:785][  0]LogShaderLibrary: Display: ShaderCodeLibraryPakFileMountedCallback: pending pak file info (ChunkID:-1 Root:root:/ File:D:/Epic Games/UE_4.27/FeaturePacks/TP_ThirdPerson.upack)
[2022.03.04-21.01.33:785][  0]LogPakFile: OnPakFileMounted2Time == 0.000106
[2022.03.04-21.01.33:884][  0]LogPakFile: PakFile PrimaryIndexSize=189
[2022.03.04-21.01.33:885][  0]LogPakFile: PakFile PathHashIndexSize=101
[2022.03.04-21.01.33:885][  0]LogPakFile: PakFile FullDirectoryIndexSize=152
[2022.03.04-21.01.33:885][  0]LogShaderLibrary: Display: ShaderCodeLibraryPakFileMountedCallback: PakFile 'D:/Epic Games/UE_4.27/FeaturePacks/TP_ThirdPersonBP.upack' (chunk index -1, root 'root:/') mounted
[2022.03.04-21.01.33:885][  0]LogShaderLibrary: Display: ShaderCodeLibraryPakFileMountedCallback: pending pak file info (ChunkID:-1 Root:root:/ File:D:/Epic Games/UE_4.27/FeaturePacks/TP_ThirdPersonBP.upack)
[2022.03.04-21.01.33:885][  0]LogPakFile: OnPakFileMounted2Time == 0.000166
[2022.03.04-21.01.33:918][  0]LogPakFile: PakFile PrimaryIndexSize=183
[2022.03.04-21.01.33:919][  0]LogPakFile: PakFile PathHashIndexSize=101
[2022.03.04-21.01.33:919][  0]LogPakFile: PakFile FullDirectoryIndexSize=140
[2022.03.04-21.01.33:919][  0]LogShaderLibrary: Display: ShaderCodeLibraryPakFileMountedCallback: PakFile 'D:/Epic Games/UE_4.27/FeaturePacks/TP_TopDown.upack' (chunk index -1, root 'root:/') mounted
[2022.03.04-21.01.33:919][  0]LogShaderLibrary: Display: ShaderCodeLibraryPakFileMountedCallback: pending pak file info (ChunkID:-1 Root:root:/ File:D:/Epic Games/UE_4.27/FeaturePacks/TP_TopDown.upack)
[2022.03.04-21.01.33:919][  0]LogPakFile: OnPakFileMounted2Time == 0.000258
[2022.03.04-21.01.33:955][  0]LogPakFile: PakFile PrimaryIndexSize=185
[2022.03.04-21.01.33:956][  0]LogPakFile: PakFile PathHashIndexSize=101
[2022.03.04-21.01.33:956][  0]LogPakFile: PakFile FullDirectoryIndexSize=144
[2022.03.04-21.01.33:956][  0]LogShaderLibrary: Display: ShaderCodeLibraryPakFileMountedCallback: PakFile 'D:/Epic Games/UE_4.27/FeaturePacks/TP_TopDownBP.upack' (chunk index -1, root 'root:/') mounted
[2022.03.04-21.01.33:956][  0]LogShaderLibrary: Display: ShaderCodeLibraryPakFileMountedCallback: pending pak file info (ChunkID:-1 Root:root:/ File:D:/Epic Games/UE_4.27/FeaturePacks/TP_TopDownBP.upack)
[2022.03.04-21.01.33:956][  0]LogPakFile: OnPakFileMounted2Time == 0.000167
[2022.03.04-21.01.34:007][  0]LogPakFile: PakFile PrimaryIndexSize=185
[2022.03.04-21.01.34:007][  0]LogPakFile: PakFile PathHashIndexSize=101
[2022.03.04-21.01.34:007][  0]LogPakFile: PakFile FullDirectoryIndexSize=144
[2022.03.04-21.01.34:007][  0]LogShaderLibrary: Display: ShaderCodeLibraryPakFileMountedCallback: PakFile 'D:/Epic Games/UE_4.27/FeaturePacks/TP_TwinStick.upack' (chunk index -1, root 'root:/') mounted
[2022.03.04-21.01.34:007][  0]LogShaderLibrary: Display: ShaderCodeLibraryPakFileMountedCallback: pending pak file info (ChunkID:-1 Root:root:/ File:D:/Epic Games/UE_4.27/FeaturePacks/TP_TwinStick.upack)
[2022.03.04-21.01.34:007][  0]LogPakFile: OnPakFileMounted2Time == 0.000162
[2022.03.04-21.01.34:040][  0]LogPakFile: PakFile PrimaryIndexSize=187
[2022.03.04-21.01.34:040][  0]LogPakFile: PakFile PathHashIndexSize=101
[2022.03.04-21.01.34:040][  0]LogPakFile: PakFile FullDirectoryIndexSize=148
[2022.03.04-21.01.34:040][  0]LogShaderLibrary: Display: ShaderCodeLibraryPakFileMountedCallback: PakFile 'D:/Epic Games/UE_4.27/FeaturePacks/TP_TwinStickBP.upack' (chunk index -1, root 'root:/') mounted
[2022.03.04-21.01.34:040][  0]LogShaderLibrary: Display: ShaderCodeLibraryPakFileMountedCallback: pending pak file info (ChunkID:-1 Root:root:/ File:D:/Epic Games/UE_4.27/FeaturePacks/TP_TwinStickBP.upack)
[2022.03.04-21.01.34:040][  0]LogPakFile: OnPakFileMounted2Time == 0.000163
[2022.03.04-21.01.34:158][  0]LogPakFile: PakFile PrimaryIndexSize=183
[2022.03.04-21.01.34:158][  0]LogPakFile: PakFile PathHashIndexSize=101
[2022.03.04-21.01.34:158][  0]LogPakFile: PakFile FullDirectoryIndexSize=140
[2022.03.04-21.01.34:158][  0]LogShaderLibrary: Display: ShaderCodeLibraryPakFileMountedCallback: PakFile 'D:/Epic Games/UE_4.27/FeaturePacks/TP_Vehicle.upack' (chunk index -1, root 'root:/') mounted
[2022.03.04-21.01.34:158][  0]LogShaderLibrary: Display: ShaderCodeLibraryPakFileMountedCallback: pending pak file info (ChunkID:-1 Root:root:/ File:D:/Epic Games/UE_4.27/FeaturePacks/TP_Vehicle.upack)
[2022.03.04-21.01.34:159][  0]LogPakFile: OnPakFileMounted2Time == 0.000184
[2022.03.04-21.01.34:223][  0]LogPakFile: PakFile PrimaryIndexSize=186
[2022.03.04-21.01.34:224][  0]LogPakFile: PakFile PathHashIndexSize=101
[2022.03.04-21.01.34:224][  0]LogPakFile: PakFile FullDirectoryIndexSize=146
[2022.03.04-21.01.34:224][  0]LogShaderLibrary: Display: ShaderCodeLibraryPakFileMountedCallback: PakFile 'D:/Epic Games/UE_4.27/FeaturePacks/TP_VehicleAdv.upack' (chunk index -1, root 'root:/') mounted
[2022.03.04-21.01.34:224][  0]LogShaderLibrary: Display: ShaderCodeLibraryPakFileMountedCallback: pending pak file info (ChunkID:-1 Root:root:/ File:D:/Epic Games/UE_4.27/FeaturePacks/TP_VehicleAdv.upack)
[2022.03.04-21.01.34:224][  0]LogPakFile: OnPakFileMounted2Time == 0.000168
[2022.03.04-21.01.34:261][  0]LogPakFile: PakFile PrimaryIndexSize=188
[2022.03.04-21.01.34:261][  0]LogPakFile: PakFile PathHashIndexSize=101
[2022.03.04-21.01.34:261][  0]LogPakFile: PakFile FullDirectoryIndexSize=150
[2022.03.04-21.01.34:261][  0]LogShaderLibrary: Display: ShaderCodeLibraryPakFileMountedCallback: PakFile 'D:/Epic Games/UE_4.27/FeaturePacks/TP_VehicleAdvBP.upack' (chunk index -1, root 'root:/') mounted
[2022.03.04-21.01.34:261][  0]LogShaderLibrary: Display: ShaderCodeLibraryPakFileMountedCallback: pending pak file info (ChunkID:-1 Root:root:/ File:D:/Epic Games/UE_4.27/FeaturePacks/TP_VehicleAdvBP.upack)
[2022.03.04-21.01.34:261][  0]LogPakFile: OnPakFileMounted2Time == 0.000180
[2022.03.04-21.01.34:301][  0]LogPakFile: PakFile PrimaryIndexSize=185
[2022.03.04-21.01.34:301][  0]LogPakFile: PakFile PathHashIndexSize=101
[2022.03.04-21.01.34:301][  0]LogPakFile: PakFile FullDirectoryIndexSize=144
[2022.03.04-21.01.34:301][  0]LogShaderLibrary: Display: ShaderCodeLibraryPakFileMountedCallback: PakFile 'D:/Epic Games/UE_4.27/FeaturePacks/TP_VehicleBP.upack' (chunk index -1, root 'root:/') mounted
[2022.03.04-21.01.34:301][  0]LogShaderLibrary: Display: ShaderCodeLibraryPakFileMountedCallback: pending pak file info (ChunkID:-1 Root:root:/ File:D:/Epic Games/UE_4.27/FeaturePacks/TP_VehicleBP.upack)
[2022.03.04-21.01.34:301][  0]LogPakFile: OnPakFileMounted2Time == 0.000124
[2022.03.04-21.01.34:329][  0]LogPakFile: PakFile PrimaryIndexSize=192
[2022.03.04-21.01.34:329][  0]LogPakFile: PakFile PathHashIndexSize=101
[2022.03.04-21.01.34:329][  0]LogPakFile: PakFile FullDirectoryIndexSize=158
[2022.03.04-21.01.34:329][  0]LogShaderLibrary: Display: ShaderCodeLibraryPakFileMountedCallback: PakFile 'D:/Epic Games/UE_4.27/FeaturePacks/TP_VirtualRealityBP.upack' (chunk index -1, root 'root:/') mounted
[2022.03.04-21.01.34:329][  0]LogShaderLibrary: Display: ShaderCodeLibraryPakFileMountedCallback: pending pak file info (ChunkID:-1 Root:root:/ File:D:/Epic Games/UE_4.27/FeaturePacks/TP_VirtualRealityBP.upack)
[2022.03.04-21.01.34:329][  0]LogPakFile: OnPakFileMounted2Time == 0.000064
[2022.03.04-21.01.36:393][  0]LogNativeClassHierarchy: Verbose: Native class hierarchy updated for 'AddContentDialog' in 0.0006 seconds. Added 0 classes and 0 folders.
[2022.03.04-21.01.36:704][  0]LogNativeClassHierarchy: Verbose: Native class hierarchy updated for 'SceneOutliner' in 0.0010 seconds. Added 2 classes and 0 folders.
[2022.03.04-21.01.39:035][  0]LogNativeClassHierarchy: Verbose: Native class hierarchy updated for 'HierarchicalLODOutliner' in 0.0004 seconds. Added 0 classes and 0 folders.
[2022.03.04-21.01.39:035][  0]LogLoad: (Engine Initialization) Total time: 208.17 seconds
[2022.03.04-21.01.39:035][  0]LogLoad: (Engine Initialization) Total Blueprint compile time: 0.00 seconds
[2022.03.04-21.01.39:513][  0]LogContentStreaming: Texture pool size now 800 MB
[2022.03.04-21.01.39:570][  0]LogSlate: Took 0.027475 seconds to synchronously load lazily loaded font '../../../Engine/Content/Slate/Fonts/Roboto-Regular.ttf' (155K)
[2022.03.04-21.01.39:608][  0]LogSlate: Took 0.019498 seconds to synchronously load lazily loaded font '../../../Engine/Content/Editor/Slate/Fonts/FontAwesome.ttf' (139K)
[2022.03.04-21.01.39:669][  0]LogSlate: Took 0.058418 seconds to synchronously load lazily loaded font '../../../Engine/Content/Slate/Fonts/Roboto-Bold.ttf' (160K)
[2022.03.04-21.01.40:495][  1]LogRenderer: Reallocating scene render targets to support 980x392 Format 9 NumSamples 1 (Frame:1).
[2022.03.04-21.01.40:632][  1]LogAssetRegistry: Asset discovery search completed in 111.5796 seconds
[2022.03.04-21.01.40:726][  1]LogCollectionManager: Fixed up redirectors for 0 collections in 0.000006 seconds (updated 0 objects)
